#
# A fatal error has been detected by the Java Runtime Environment:
#
#  Internal Error (jvmtiRedefineClasses.cpp:1654), pid=4628, tid=9952
#  guarantee(false) failed: insert_space_at() failed
#
# JRE version: Java(TM) SE Runtime Environment (7.0_79-b15) (build 1.7.0_79-b15)
# Java VM: Java HotSpot(TM) 64-Bit Server VM (24.79-b02 mixed mode windows-amd64 compressed oops)
# Failed to write core dump. Minidumps are not enabled by default on client versions of Windows
#
# If you would like to submit a bug report, please visit:
#   http://bugreport.java.com/bugreport/crash.jsp
#

---------------  T H R E A D  ---------------

Current thread (0x000000000870e000):  JavaThread "JDWP Transport Listener: dt_socket" daemon [_thread_in_vm, id=9952, stack(0x000000000a4f0000,0x000000000a5f0000)]

Stack: [0x000000000a4f0000,0x000000000a5f0000]
[error occurred during error reporting (printing stack bounds), id 0xc0000005]


[error occurred during error reporting (printing native stack), id 0xc0000005]


---------------  P R O C E S S  ---------------

Java Threads: ( => current thread )
  0x000000000e57a800 JavaThread "ForkJoinPool-1-worker-226" daemon [_thread_blocked, id=14380, stack(0x0000000014990000,0x0000000014a90000)]
  0x000000000da1d800 JavaThread "btpool0-108" [_thread_blocked, id=5512, stack(0x0000000012590000,0x0000000012690000)]
  0x000000000da1c000 JavaThread "btpool0-107" [_thread_blocked, id=5696, stack(0x0000000011c50000,0x0000000011d50000)]
  0x000000000da1f000 JavaThread "btpool0-106" [_thread_blocked, id=12748, stack(0x0000000012490000,0x0000000012590000)]
  0x000000000da1e000 JavaThread "DubboClientHandler-10.9.21.25:8081-thread-45" daemon [_thread_blocked, id=11028, stack(0x0000000012690000,0x0000000012790000)]
  0x000000000da1c800 JavaThread "btpool0-105" [_thread_blocked, id=5852, stack(0x000000000a840000,0x000000000a940000)]
  0x000000000da20800 JavaThread "btpool0-104" [_thread_blocked, id=15028, stack(0x0000000012860000,0x0000000012960000)]
  0x000000000da22000 JavaThread "btpool0-97" [_thread_blocked, id=14892, stack(0x0000000012350000,0x0000000012450000)]
  0x0000000009987800 JavaThread "Thread-23" [_thread_blocked, id=2204, stack(0x0000000015150000,0x0000000015250000)]
  0x000000000e578000 JavaThread "Thread-22" [_thread_blocked, id=8120, stack(0x0000000011a30000,0x0000000011b30000)]
  0x000000000e063000 JavaThread "Thread-21" [_thread_blocked, id=1220, stack(0x0000000014e60000,0x0000000014f60000)]
  0x000000000c3d7800 JavaThread "DubboMonitorSendTimer-thread-3" daemon [_thread_blocked, id=3028, stack(0x00000000102b0000,0x00000000103b0000)]
  0x000000000c3d4800 JavaThread "Thread-20" [_thread_blocked, id=4508, stack(0x0000000011d50000,0x0000000011e50000)]
  0x000000000c3d7000 JavaThread "Thread-19" [_thread_blocked, id=9876, stack(0x00000000114a0000,0x00000000115a0000)]
  0x0000000009986000 JavaThread "DubboMonitorSendTimer-thread-2" daemon [_thread_blocked, id=776, stack(0x0000000014fe0000,0x00000000150e0000)]
  0x000000000c3d6000 JavaThread "dubbo-remoting-client-heartbeat-thread-2" daemon [_thread_blocked, id=7880, stack(0x0000000011e70000,0x0000000011f70000)]
  0x000000000c3d5800 JavaThread "Thread-18" [_thread_blocked, id=2976, stack(0x00000000101b0000,0x00000000102b0000)]
  0x000000000e577800 JavaThread "Thread-9" [_thread_blocked, id=6716, stack(0x00000000121b0000,0x00000000122b0000)]
  0x000000000e575000 JavaThread "Thread-8" [_thread_blocked, id=8056, stack(0x0000000012070000,0x0000000012170000)]
  0x000000000e06a000 JavaThread "FileWatchdog" daemon [_thread_blocked, id=7872, stack(0x00000000115a0000,0x00000000116a0000)]
  0x000000000e069000 JavaThread "dubbo-remoting-server-heartbeat-thread-1" daemon [_thread_blocked, id=3432, stack(0x0000000010f20000,0x0000000011020000)]
  0x000000000e068800 JavaThread "New I/O server boss #1 ([id: 0x531bbaf1, /0:0:0:0:0:0:0:0:8082])" daemon [_thread_in_native, id=1904, stack(0x0000000011370000,0x0000000011470000)]
  0x000000000e067800 JavaThread "galaxyTaskScheduler-4" [_thread_blocked, id=6172, stack(0x0000000011b40000,0x0000000011c40000)]
  0x000000000e067000 JavaThread "galaxyTaskScheduler-3" [_thread_in_vm, id=7244, stack(0x0000000011800000,0x0000000011900000)]
  0x000000000e066000 JavaThread "galaxyTaskScheduler-2" [_thread_blocked, id=10216, stack(0x0000000011920000,0x0000000011a20000)]
  0x000000000e065800 JavaThread "galaxyTaskScheduler-1" [_thread_blocked, id=1688, stack(0x00000000116d0000,0x00000000117d0000)]
  0x000000000e064800 JavaThread "main-EventThread" daemon [_thread_blocked, id=1856, stack(0x00000000111b0000,0x00000000112b0000)]
  0x000000000e064000 JavaThread "main-SendThread(local.galaxyinternet.com:2181)" daemon [_thread_in_native, id=6040, stack(0x000000000ffb0000,0x00000000100b0000)]
  0x000000000998d800 JavaThread "pool-2-thread-1" [_thread_blocked, id=9356, stack(0x0000000011040000,0x0000000011140000)]
  0x000000000998c800 JavaThread "DubboClientReconnectTimer-thread-2" daemon [_thread_blocked, id=7256, stack(0x0000000010dd0000,0x0000000010ed0000)]
  0x000000000998c000 JavaThread "DubboMonitorSendTimer-thread-1" daemon [_thread_blocked, id=5468, stack(0x0000000010c40000,0x0000000010d40000)]
  0x000000000998b000 JavaThread "DubboResponseTimeoutScanTimer" daemon [_thread_blocked, id=10156, stack(0x00000000103c0000,0x00000000104c0000)]
  0x0000000009989800 JavaThread "Timer-1" daemon [_thread_blocked, id=5884, stack(0x0000000010a60000,0x0000000010b60000)]
  0x000000000998a800 JavaThread "commons-pool-EvictionTimer" daemon [_thread_blocked, id=4852, stack(0x00000000106e0000,0x00000000107e0000)]
  0x0000000009989000 JavaThread "pool-1-thread-1" [_thread_blocked, id=7460, stack(0x0000000010930000,0x0000000010a30000)]
  0x0000000009988000 JavaThread "dubbo-remoting-client-heartbeat-thread-1" daemon [_thread_blocked, id=4712, stack(0x0000000010820000,0x0000000010920000)]
  0x0000000009986800 JavaThread "New I/O client worker #1-1" daemon [_thread_in_native, id=3200, stack(0x00000000104c0000,0x00000000105c0000)]
  0x0000000009985000 JavaThread "DubboClientReconnectTimer-thread-1" daemon [_thread_blocked, id=10116, stack(0x00000000100b0000,0x00000000101b0000)]
  0x0000000009984800 JavaThread "DubboSaveRegistryCache-thread-1" daemon [_thread_blocked, id=7900, stack(0x000000000ed90000,0x000000000ee90000)]
  0x0000000009983800 JavaThread "main-EventThread" daemon [_thread_blocked, id=3828, stack(0x000000000ebb0000,0x000000000ecb0000)]
  0x0000000009983000 JavaThread "main-SendThread(local.galaxyinternet.com:2181)" daemon [_thread_in_native, id=3500, stack(0x000000000e980000,0x000000000ea80000)]
  0x0000000009982000 JavaThread "ZkClient-EventThread-18-127.0.0.1:2181" daemon [_thread_blocked, id=8808, stack(0x000000000ea80000,0x000000000eb80000)]
  0x0000000009981800 JavaThread "DubboRegistryFailedRetryTimer-thread-1" daemon [_thread_blocked, id=7380, stack(0x000000000e850000,0x000000000e950000)]
  0x0000000009980800 JavaThread "Timer-0" [_thread_blocked, id=2364, stack(0x000000000d690000,0x000000000d790000)]
  0x0000000009980000 JavaThread "btpool0-0 - Acceptor0 SelectChannelConnector@0.0.0.0:9393" [_thread_in_native, id=7292, stack(0x000000000d4f0000,0x000000000d5f0000)]
  0x000000000997e800 JavaThread "Service Thread" daemon [_thread_blocked, id=7104, stack(0x000000000abb0000,0x000000000acb0000)]
  0x0000000009974000 JavaThread "C2 CompilerThread1" daemon [_thread_blocked, id=5076, stack(0x000000000a5f0000,0x000000000a6f0000)]
  0x0000000009970800 JavaThread "C2 CompilerThread0" daemon [_thread_blocked, id=8108, stack(0x000000000a3d0000,0x000000000a4d0000)]
  0x000000000871c800 JavaThread "JDWP Command Reader" daemon [_thread_in_native, id=3016, stack(0x000000000a940000,0x000000000aa40000)]
  0x0000000008719000 JavaThread "JDWP Event Helper Thread" daemon [_thread_blocked, id=7032, stack(0x000000000a6f0000,0x000000000a7f0000)]
=>0x000000000870e000 JavaThread "JDWP Transport Listener: dt_socket" daemon [_thread_in_vm, id=9952, stack(0x000000000a4f0000,0x000000000a5f0000)]
  0x0000000008709800 JavaThread "Attach Listener" daemon [_thread_blocked, id=1880, stack(0x000000000a020000,0x000000000a120000)]
  0x000000000870d800 JavaThread "Signal Dispatcher" daemon [_thread_blocked, id=9808, stack(0x0000000009dc0000,0x0000000009ec0000)]
  0x00000000086a8000 JavaThread "Finalizer" daemon [_thread_blocked, id=7440, stack(0x00000000096c0000,0x00000000097c0000)]
  0x00000000086a1000 JavaThread "Reference Handler" daemon [_thread_blocked, id=9164, stack(0x0000000009850000,0x0000000009950000)]
  0x0000000002348000 JavaThread "main" [_thread_blocked, id=2828, stack(0x00000000025f0000,0x00000000026f0000)]

Other Threads:
  0x000000000869b800 VMThread [stack: 0x00000000095c0000,0x00000000096c0000] [id=9860]
  0x000000000999f000 WatcherThread [stack: 0x000000000aa70000,0x000000000ab70000] [id=8668]

VM state:not at safepoint (normal execution)

VM Mutex/Monitor currently owned by a thread: None

Heap
 PSYoungGen      total 29184K, used 59K [0x00000000eb400000, 0x00000000ed280000, 0x0000000100000000)
  eden space 27648K, 0% used [0x00000000eb400000,0x00000000eb40ec90,0x00000000ecf00000)
  from space 1536K, 0% used [0x00000000ecf00000,0x00000000ecf00000,0x00000000ed080000)
  to   space 1536K, 0% used [0x00000000ed100000,0x00000000ed100000,0x00000000ed280000)
 ParOldGen       total 325120K, used 67136K [0x00000000c1c00000, 0x00000000d5980000, 0x00000000eb400000)
  object space 325120K, 20% used [0x00000000c1c00000,0x00000000c5d90390,0x00000000d5980000)
 PSPermGen       total 83968K, used 83966K [0x00000000bca00000, 0x00000000c1c00000, 0x00000000c1c00000)
  object space 83968K, 99% used [0x00000000bca00000,0x00000000c1bff888,0x00000000c1c00000)

Card table byte_map: [0x00000000056f0000,0x0000000005910000] byte_map_base: 0x000000000510b000

Polling page: 0x0000000000120000

Code Cache  [0x00000000026f0000, 0x00000000034c0000, 0x00000000056f0000)
 total_blobs=3672 nmethods=3154 adapters=476 free_code_cache=35185Kb largest_free_block=35892032

Compilation events (10 events):
Event: 16538.935 Thread 0x0000000009974000 3517   !         org.mortbay.thread.BoundedThreadPool$PoolThread::run (681 bytes)
Event: 16539.027 Thread 0x0000000009974000 nmethod 3517 0x00000000034adc90 code [0x00000000034ae040, 0x00000000034b1ba8]
Event: 16540.533 Thread 0x0000000009970800 3518             org.springframework.transaction.support.TransactionSynchronizationUtils::invokeAfterCommit (40 bytes)
Event: 16540.538 Thread 0x0000000009970800 nmethod 3518 0x000000000349f150 code [0x000000000349f2c0, 0x000000000349f4f8]
Event: 16540.540 Thread 0x0000000009974000 3519             org.springframework.transaction.support.TransactionSynchronizationUtils::triggerBeforeCommit (39 bytes)
Event: 16540.542 Thread 0x0000000009970800 3520   !         org.springframework.transaction.support.TransactionSynchronizationUtils::invokeAfterCompletion (58 bytes)
Event: 16540.550 Thread 0x0000000009970800 nmethod 3520 0x0000000003499650 code [0x0000000003499800, 0x0000000003499bf8]
Event: 16540.551 Thread 0x0000000009970800 3521   !         org.springframework.transaction.support.TransactionSynchronizationUtils::triggerBeforeCompletion (53 bytes)
Event: 16540.561 Thread 0x0000000009974000 nmethod 3519 0x000000000349a5d0 code [0x000000000349a800, 0x000000000349b140]
Event: 16540.568 Thread 0x0000000009970800 nmethod 3521 0x00000000034aa6d0 code [0x00000000034aa900, 0x00000000034ab110]

GC Heap History (10 events):
Event: 16758.983 GC heap before
{Heap before GC invocations=152 (full 5):
 PSYoungGen      total 28672K, used 0K [0x00000000eb400000, 0x00000000ed200000, 0x0000000100000000)
  eden space 27136K, 0% used [0x00000000eb400000,0x00000000eb400000,0x00000000ece80000)
  from space 1536K, 0% used [0x00000000ece80000,0x00000000ece80000,0x00000000ed000000)
  to   space 1536K, 0% used [0x00000000ed080000,0x00000000ed080000,0x00000000ed200000)
 ParOldGen       total 169472K, used 67473K [0x00000000c1c00000, 0x00000000cc180000, 0x00000000eb400000)
  object space 169472K, 39% used [0x00000000c1c00000,0x00000000c5de4758,0x00000000cc180000)
 PSPermGen       total 83968K, used 83962K [0x00000000bca00000, 0x00000000c1c00000, 0x00000000c1c00000)
  object space 83968K, 99% used [0x00000000bca00000,0x00000000c1bfe968,0x00000000c1c00000)
Event: 16759.486 GC heap after
Heap after GC invocations=152 (full 5):
 PSYoungGen      total 28672K, used 0K [0x00000000eb400000, 0x00000000ed200000, 0x0000000100000000)
  eden space 27136K, 0% used [0x00000000eb400000,0x00000000eb400000,0x00000000ece80000)
  from space 1536K, 0% used [0x00000000ece80000,0x00000000ece80000,0x00000000ed000000)
  to   space 1536K, 0% used [0x00000000ed080000,0x00000000ed080000,0x00000000ed200000)
 ParOldGen       total 209408K, used 67173K [0x00000000c1c00000, 0x00000000ce880000, 0x00000000eb400000)
  object space 209408K, 32% used [0x00000000c1c00000,0x00000000c5d995a8,0x00000000ce880000)
 PSPermGen       total 83968K, used 83668K [0x00000000bca00000, 0x00000000c1c00000, 0x00000000c1c00000)
  object space 83968K, 99% used [0x00000000bca00000,0x00000000c1bb5218,0x00000000c1c00000)
}
Event: 16759.487 GC heap before
{Heap before GC invocations=153 (full 5):
 PSYoungGen      total 28672K, used 17K [0x00000000eb400000, 0x00000000ed200000, 0x0000000100000000)
  eden space 27136K, 0% used [0x00000000eb400000,0x00000000eb4045a8,0x00000000ece80000)
  from space 1536K, 0% used [0x00000000ece80000,0x00000000ece80000,0x00000000ed000000)
  to   space 1536K, 0% used [0x00000000ed080000,0x00000000ed080000,0x00000000ed200000)
 ParOldGen       total 209408K, used 67173K [0x00000000c1c00000, 0x00000000ce880000, 0x00000000eb400000)
  object space 209408K, 32% used [0x00000000c1c00000,0x00000000c5d995a8,0x00000000ce880000)
 PSPermGen       total 83968K, used 83966K [0x00000000bca00000, 0x00000000c1c00000, 0x00000000c1c00000)
  object space 83968K, 99% used [0x00000000bca00000,0x00000000c1bff868,0x00000000c1c00000)
Event: 16759.491 GC heap after
Heap after GC invocations=153 (full 5):
 PSYoungGen      total 29184K, used 128K [0x00000000eb400000, 0x00000000ed200000, 0x0000000100000000)
  eden space 27648K, 0% used [0x00000000eb400000,0x00000000eb400000,0x00000000ecf00000)
  from space 1536K, 8% used [0x00000000ed080000,0x00000000ed0a0000,0x00000000ed200000)
  to   space 1536K, 0% used [0x00000000ecf00000,0x00000000ecf00000,0x00000000ed080000)
 ParOldGen       total 209408K, used 67173K [0x00000000c1c00000, 0x00000000ce880000, 0x00000000eb400000)
  object space 209408K, 32% used [0x00000000c1c00000,0x00000000c5d995a8,0x00000000ce880000)
 PSPermGen       total 83968K, used 83966K [0x00000000bca00000, 0x00000000c1c00000, 0x00000000c1c00000)
  object space 83968K, 99% used [0x00000000bca00000,0x00000000c1bff868,0x00000000c1c00000)
}
Event: 16759.491 GC heap before
{Heap before GC invocations=154 (full 6):
 PSYoungGen      total 29184K, used 128K [0x00000000eb400000, 0x00000000ed200000, 0x0000000100000000)
  eden space 27648K, 0% used [0x00000000eb400000,0x00000000eb400000,0x00000000ecf00000)
  from space 1536K, 8% used [0x00000000ed080000,0x00000000ed0a0000,0x00000000ed200000)
  to   space 1536K, 0% used [0x00000000ecf00000,0x00000000ecf00000,0x00000000ed080000)
 ParOldGen       total 209408K, used 67173K [0x00000000c1c00000, 0x00000000ce880000, 0x00000000eb400000)
  object space 209408K, 32% used [0x00000000c1c00000,0x00000000c5d995a8,0x00000000ce880000)
 PSPermGen       total 83968K, used 83966K [0x00000000bca00000, 0x00000000c1c00000, 0x00000000c1c00000)
  object space 83968K, 99% used [0x00000000bca00000,0x00000000c1bff868,0x00000000c1c00000)
Event: 16759.775 GC heap after
Heap after GC invocations=154 (full 6):
 PSYoungGen      total 29184K, used 0K [0x00000000eb400000, 0x00000000ed200000, 0x0000000100000000)
  eden space 27648K, 0% used [0x00000000eb400000,0x00000000eb400000,0x00000000ecf00000)
  from space 1536K, 0% used [0x00000000ed080000,0x00000000ed080000,0x00000000ed200000)
  to   space 1536K, 0% used [0x00000000ecf00000,0x00000000ecf00000,0x00000000ed080000)
 ParOldGen       total 265728K, used 67137K [0x00000000c1c00000, 0x00000000d1f80000, 0x00000000eb400000)
  object space 265728K, 25% used [0x00000000c1c00000,0x00000000c5d907f0,0x00000000d1f80000)
 PSPermGen       total 83968K, used 83966K [0x00000000bca00000, 0x00000000c1c00000, 0x00000000c1c00000)
  object space 83968K, 99% used [0x00000000bca00000,0x00000000c1bff868,0x00000000c1c00000)
}
Event: 16759.775 GC heap before
{Heap before GC invocations=155 (full 6):
 PSYoungGen      total 29184K, used 0K [0x00000000eb400000, 0x00000000ed200000, 0x0000000100000000)
  eden space 27648K, 0% used [0x00000000eb400000,0x00000000eb400000,0x00000000ecf00000)
  from space 1536K, 0% used [0x00000000ed080000,0x00000000ed080000,0x00000000ed200000)
  to   space 1536K, 0% used [0x00000000ecf00000,0x00000000ecf00000,0x00000000ed080000)
 ParOldGen       total 265728K, used 67137K [0x00000000c1c00000, 0x00000000d1f80000, 0x00000000eb400000)
  object space 265728K, 25% used [0x00000000c1c00000,0x00000000c5d907f0,0x00000000d1f80000)
 PSPermGen       total 83968K, used 83966K [0x00000000bca00000, 0x00000000c1c00000, 0x00000000c1c00000)
  object space 83968K, 99% used [0x00000000bca00000,0x00000000c1bff868,0x00000000c1c00000)
Event: 16759.778 GC heap after
Heap after GC invocations=155 (full 6):
 PSYoungGen      total 29184K, used 0K [0x00000000eb400000, 0x00000000ed280000, 0x0000000100000000)
  eden space 27648K, 0% used [0x00000000eb400000,0x00000000eb400000,0x00000000ecf00000)
  from space 1536K, 0% used [0x00000000ecf00000,0x00000000ecf00000,0x00000000ed080000)
  to   space 1536K, 0% used [0x00000000ed100000,0x00000000ed100000,0x00000000ed280000)
 ParOldGen       total 265728K, used 67137K [0x00000000c1c00000, 0x00000000d1f80000, 0x00000000eb400000)
  object space 265728K, 25% used [0x00000000c1c00000,0x00000000c5d907f0,0x00000000d1f80000)
 PSPermGen       total 83968K, used 83966K [0x00000000bca00000, 0x00000000c1c00000, 0x00000000c1c00000)
  object space 83968K, 99% used [0x00000000bca00000,0x00000000c1bff868,0x00000000c1c00000)
}
Event: 16759.778 GC heap before
{Heap before GC invocations=156 (full 7):
 PSYoungGen      total 29184K, used 0K [0x00000000eb400000, 0x00000000ed280000, 0x0000000100000000)
  eden space 27648K, 0% used [0x00000000eb400000,0x00000000eb400000,0x00000000ecf00000)
  from space 1536K, 0% used [0x00000000ecf00000,0x00000000ecf00000,0x00000000ed080000)
  to   space 1536K, 0% used [0x00000000ed100000,0x00000000ed100000,0x00000000ed280000)
 ParOldGen       total 265728K, used 67137K [0x00000000c1c00000, 0x00000000d1f80000, 0x00000000eb400000)
  object space 265728K, 25% used [0x00000000c1c00000,0x00000000c5d907f0,0x00000000d1f80000)
 PSPermGen       total 83968K, used 83966K [0x00000000bca00000, 0x00000000c1c00000, 0x00000000c1c00000)
  object space 83968K, 99% used [0x00000000bca00000,0x00000000c1bff868,0x00000000c1c00000)
Event: 16760.025 GC heap after
Heap after GC invocations=156 (full 7):
 PSYoungGen      total 29184K, used 0K [0x00000000eb400000, 0x00000000ed280000, 0x0000000100000000)
  eden space 27648K, 0% used [0x00000000eb400000,0x00000000eb400000,0x00000000ecf00000)
  from space 1536K, 0% used [0x00000000ecf00000,0x00000000ecf00000,0x00000000ed080000)
  to   space 1536K, 0% used [0x00000000ed100000,0x00000000ed100000,0x00000000ed280000)
 ParOldGen       total 325120K, used 67136K [0x00000000c1c00000, 0x00000000d5980000, 0x00000000eb400000)
  object space 325120K, 20% used [0x00000000c1c00000,0x00000000c5d90390,0x00000000d5980000)
 PSPermGen       total 83968K, used 83966K [0x00000000bca00000, 0x00000000c1c00000, 0x00000000c1c00000)
  object space 83968K, 99% used [0x00000000bca00000,0x00000000c1bff868,0x00000000c1c00000)
}

Deoptimization events (10 events):
Event: 16725.943 Thread 0x000000000da1d800 Uncommon trap: reason=unhandled action=none pc=0x0000000002e0aa20 method=java.lang.Class.getDeclaredMethod(Ljava/lang/String;[Ljava/lang/Class;)Ljava/lang/reflect/Method; @ 64
Event: 16725.943 Thread 0x000000000da1d800 Uncommon trap: reason=unhandled action=none pc=0x0000000002de20e8 method=java.lang.Class.getMethod(Ljava/lang/String;[Ljava/lang/Class;)Ljava/lang/reflect/Method; @ 60
Event: 16730.961 Thread 0x000000000da1d800 Uncommon trap: reason=unhandled action=none pc=0x0000000002e0aa20 method=java.lang.Class.getDeclaredMethod(Ljava/lang/String;[Ljava/lang/Class;)Ljava/lang/reflect/Method; @ 64
Event: 16730.975 Thread 0x000000000da1d800 Uncommon trap: reason=unhandled action=none pc=0x0000000002de20e8 method=java.lang.Class.getMethod(Ljava/lang/String;[Ljava/lang/Class;)Ljava/lang/reflect/Method; @ 60
Event: 16730.977 Thread 0x000000000da1d800 Uncommon trap: reason=unhandled action=none pc=0x0000000002e0aa20 method=java.lang.Class.getDeclaredMethod(Ljava/lang/String;[Ljava/lang/Class;)Ljava/lang/reflect/Method; @ 64
Event: 16730.977 Thread 0x000000000da1d800 Uncommon trap: reason=unhandled action=none pc=0x0000000002de20e8 method=java.lang.Class.getMethod(Ljava/lang/String;[Ljava/lang/Class;)Ljava/lang/reflect/Method; @ 60
Event: 16736.915 Thread 0x000000000da1d800 Uncommon trap: reason=unhandled action=none pc=0x0000000002e0aa20 method=java.lang.Class.getDeclaredMethod(Ljava/lang/String;[Ljava/lang/Class;)Ljava/lang/reflect/Method; @ 64
Event: 16736.915 Thread 0x000000000da1d800 Uncommon trap: reason=unhandled action=none pc=0x0000000002de20e8 method=java.lang.Class.getMethod(Ljava/lang/String;[Ljava/lang/Class;)Ljava/lang/reflect/Method; @ 60
Event: 16736.918 Thread 0x000000000da1d800 Uncommon trap: reason=unhandled action=none pc=0x0000000002e0aa20 method=java.lang.Class.getDeclaredMethod(Ljava/lang/String;[Ljava/lang/Class;)Ljava/lang/reflect/Method; @ 64
Event: 16736.918 Thread 0x000000000da1d800 Uncommon trap: reason=unhandled action=none pc=0x0000000002de20e8 method=java.lang.Class.getMethod(Ljava/lang/String;[Ljava/lang/Class;)Ljava/lang/reflect/Method; @ 60

Internal exceptions (10 events):
Event: 16721.866 Thread 0x0000000009986800 Threw 0x00000000ebc18958 at C:\re\jdk7u79\2331\hotspot\src\share\vm\interpreter\interpreterRuntime.cpp:347
Event: 16721.877 Thread 0x0000000009986800 Threw 0x00000000ebc7f008 at C:\re\jdk7u79\2331\hotspot\src\share\vm\interpreter\interpreterRuntime.cpp:347
Event: 16721.904 Thread 0x0000000009986800 Threw 0x00000000ebcba810 at C:\re\jdk7u79\2331\hotspot\src\share\vm\interpreter\interpreterRuntime.cpp:347
Event: 16721.941 Thread 0x0000000009986800 Threw 0x00000000ebd05388 at C:\re\jdk7u79\2331\hotspot\src\share\vm\interpreter\interpreterRuntime.cpp:347
Event: 16721.979 Thread 0x0000000009986800 Threw 0x00000000ebdb5cd8 at C:\re\jdk7u79\2331\hotspot\src\share\vm\interpreter\interpreterRuntime.cpp:347
Event: 16722.608 Thread 0x0000000009986800 Threw 0x00000000ec2ef280 at C:\re\jdk7u79\2331\hotspot\src\share\vm\interpreter\interpreterRuntime.cpp:347
Event: 16722.747 Thread 0x0000000009986800 Threw 0x00000000eb50cbd0 at C:\re\jdk7u79\2331\hotspot\src\share\vm\interpreter\interpreterRuntime.cpp:347
Event: 16722.760 Thread 0x0000000009986800 Threw 0x00000000eb512f10 at C:\re\jdk7u79\2331\hotspot\src\share\vm\interpreter\interpreterRuntime.cpp:347
Event: 16722.770 Thread 0x0000000009986800 Threw 0x00000000eb517e30 at C:\re\jdk7u79\2331\hotspot\src\share\vm\interpreter\interpreterRuntime.cpp:347
Event: 16760.025 Thread 0x000000000870e000 Threw 0x00000000bcaad5f8 at C:\re\jdk7u79\2331\hotspot\src\share\vm\gc_interface/collectedHeap.inline.hpp:225

Events (10 events):
Event: 16736.918 Thread 0x000000000da1d800 DEOPT UNPACKING pc=0x00000000027275a4 sp=0x000000001268dc28 mode 2
Event: 16736.918 Thread 0x000000000da1d800 Uncommon trap: trap_request=0xffffffa7 fr.pc=0x0000000002de20e8
Event: 16736.918 Thread 0x000000000da1d800 DEOPT PACKING pc=0x0000000002de20e8 sp=0x000000001268dbd0
Event: 16736.918 Thread 0x000000000da1d800 DEOPT UNPACKING pc=0x00000000027275a4 sp=0x000000001268db88 mode 2
Event: 16757.774 Executing VM operation: ParallelGCFailedPermanentAllocation
Event: 16758.770 Executing VM operation: ParallelGCFailedPermanentAllocation done
Event: 16758.770 Executing VM operation: BulkRevokeBias
Event: 16759.486 Executing VM operation: BulkRevokeBias done
Event: 16759.486 Executing VM operation: BulkRevokeBias
Event: 16760.025 Executing VM operation: BulkRevokeBias done


Dynamic libraries:
0x000000013f5e0000 - 0x000000013f613000 	D:\external_file\java\jdk1.7.0_79\bin\javaw.exe
0x0000000077200000 - 0x00000000773aa000 	C:\Windows\SYSTEM32\ntdll.dll
0x00000000770e0000 - 0x00000000771ff000 	C:\Windows\system32\kernel32.dll
0x000007fefd110000 - 0x000007fefd17a000 	C:\Windows\system32\KERNELBASE.dll
0x000007feff070000 - 0x000007feff14b000 	C:\Windows\system32\ADVAPI32.dll
0x000007fefe810000 - 0x000007fefe8af000 	C:\Windows\system32\msvcrt.dll
0x000007fefd560000 - 0x000007fefd57f000 	C:\Windows\SYSTEM32\sechost.dll
0x000007fefe8e0000 - 0x000007fefea0d000 	C:\Windows\system32\RPCRT4.dll
0x0000000076fe0000 - 0x00000000770da000 	C:\Windows\system32\USER32.dll
0x000007fefed40000 - 0x000007fefeda7000 	C:\Windows\system32\GDI32.dll
0x000007fefedb0000 - 0x000007fefedbe000 	C:\Windows\system32\LPK.dll
0x000007feff160000 - 0x000007feff22a000 	C:\Windows\system32\USP10.dll
0x000007fefc080000 - 0x000007fefc274000 	C:\Windows\WinSxS\amd64_microsoft.windows.common-controls_6595b64144ccf1df_6.0.7601.18837_none_fa3b1e3d17594757\COMCTL32.dll
0x000007feff440000 - 0x000007feff4b1000 	C:\Windows\system32\SHLWAPI.dll
0x000007fefe8b0000 - 0x000007fefe8de000 	C:\Windows\system32\IMM32.DLL
0x000007fefedc0000 - 0x000007fefeec9000 	C:\Windows\system32\MSCTF.dll
0x0000000057190000 - 0x0000000057262000 	D:\external_file\java\jdk1.7.0_79\jre\bin\msvcr100.dll
0x000000006e360000 - 0x000000006eb35000 	D:\external_file\java\jdk1.7.0_79\jre\bin\server\jvm.dll
0x000007fef9310000 - 0x000007fef9319000 	C:\Windows\system32\WSOCK32.dll
0x000007feff4c0000 - 0x000007feff50d000 	C:\Windows\system32\WS2_32.dll
0x000007feff150000 - 0x000007feff158000 	C:\Windows\system32\NSI.dll
0x000007fef96c0000 - 0x000007fef96fb000 	C:\Windows\system32\WINMM.dll
0x00000000773d0000 - 0x00000000773d7000 	C:\Windows\system32\PSAPI.DLL
0x0000000072df0000 - 0x0000000072dff000 	D:\external_file\java\jdk1.7.0_79\jre\bin\verify.dll
0x0000000065210000 - 0x0000000065238000 	D:\external_file\java\jdk1.7.0_79\jre\bin\java.dll
0x000000005f240000 - 0x000000005f275000 	D:\external_file\java\jdk1.7.0_79\jre\bin\jdwp.dll
0x0000000072e00000 - 0x0000000072e08000 	D:\external_file\java\jdk1.7.0_79\jre\bin\npt.dll
0x0000000071dc0000 - 0x0000000071dd5000 	D:\external_file\java\jdk1.7.0_79\jre\bin\zip.dll
0x0000000071db0000 - 0x0000000071db9000 	D:\external_file\java\jdk1.7.0_79\jre\bin\dt_socket.dll
0x000007fefb610000 - 0x000007fefb625000 	C:\Windows\system32\NLAapi.dll
0x000007feef330000 - 0x000007feef345000 	C:\Windows\system32\napinsp.dll
0x000007feef310000 - 0x000007feef329000 	C:\Windows\system32\pnrpnsp.dll
0x000007fefc6a0000 - 0x000007fefc6f5000 	C:\Windows\System32\mswsock.dll
0x000007fefc520000 - 0x000007fefc57b000 	C:\Windows\system32\DNSAPI.dll
0x000007feef300000 - 0x000007feef30b000 	C:\Windows\System32\winrnr.dll
0x000007feef2f0000 - 0x000007feef300000 	C:\Windows\system32\wshbth.dll
0x0000000071860000 - 0x0000000071886000 	C:\Program Files\Bonjour\mdnsNSP.dll
0x000007fefb210000 - 0x000007fefb237000 	C:\Windows\system32\Iphlpapi.DLL
0x000007fefb200000 - 0x000007fefb20b000 	C:\Windows\system32\WINNSI.DLL
0x000007fefb090000 - 0x000007fefb0e3000 	C:\Windows\System32\fwpuclnt.dll
0x000007fef60b0000 - 0x000007fef60b8000 	C:\Windows\system32\rasadhlp.dll
0x000007fefbb40000 - 0x000007fefbb47000 	C:\Windows\System32\wshtcpip.dll
0x0000000071470000 - 0x000000007148a000 	D:\external_file\java\jdk1.7.0_79\jre\bin\net.dll
0x000007fefc690000 - 0x000007fefc697000 	C:\Windows\System32\wship6.dll
0x0000000071170000 - 0x0000000071181000 	D:\external_file\java\jdk1.7.0_79\jre\bin\nio.dll
0x000007fefc700000 - 0x000007fefc718000 	C:\Windows\system32\CRYPTSP.dll
0x000007fefc400000 - 0x000007fefc447000 	C:\Windows\system32\rsaenh.dll
0x000007fefd1f0000 - 0x000007fefd20e000 	C:\Windows\system32\USERENV.dll
0x000007fefcef0000 - 0x000007fefceff000 	C:\Windows\system32\profapi.dll
0x000007fefcd80000 - 0x000007fefcd8f000 	C:\Windows\system32\CRYPTBASE.dll
0x000007fefb010000 - 0x000007fefb021000 	C:\Windows\system32\dhcpcsvc6.DLL
0x000007fefaff0000 - 0x000007fefb008000 	C:\Windows\system32\dhcpcsvc.DLL
0x0000000071c10000 - 0x0000000071c1b000 	D:\external_file\java\jdk1.7.0_79\jre\bin\management.dll
0x0000000056ff0000 - 0x0000000057185000 	D:\external_file\java\jdk1.7.0_79\jre\bin\awt.dll
0x000007fefeef0000 - 0x000007fefefc8000 	C:\Windows\system32\OLEAUT32.dll
0x000007feff230000 - 0x000007feff433000 	C:\Windows\system32\ole32.dll

VM Arguments:
jvm_args: -agentlib:jdwp=transport=dt_socket,suspend=y,address=localhost:50291 -Dmaven.home=EMBEDDED -Dclassworlds.conf=D:\newWorkSpace\.metadata\.plugins\org.eclipse.m2e.launching\launches\m2conf1005678648360690468.tmp -Dmaven.multiModuleProjectDirectory=D:\newWorkSpace\star\galaxy-sop\galaxy-sop-server -Dfile.encoding=GBK 
java_command: org.codehaus.plexus.classworlds.launcher.Launcher -B -Dmaven.test.skip=true -DskipTests jetty:run -Pnginx
Launcher Type: SUN_STANDARD

Environment Variables:
JAVA_HOME=D:\external_file\java\jdk1.7.0_79
PATH=D:\external_file\java\jdk1.7.0_79\jre\bin;C:\ProgramData\Oracle\Java\javapath;C:\Windows\system32;C:\Windows;C:\Windows\System32\Wbem;C:\Windows\System32\WindowsPowerShell\v1.0\;C:\Program Files (x86)\Intel\OpenCL SDK\2.0\bin\x86;C:\Program Files (x86)\Intel\OpenCL SDK\2.0\bin\x64;C:\Program Files\nodejs\;C:\Program Files\Git\cmd;D:\external_file\java\jdk1.7.0_79\bin;D:\external_file\apache-maven-3.3.9-bin\bin;C:\Program Files\TortoiseSVN\bin:C:\Program Files\apache-tomcat-7.0.76\bin;C:\Program Files\TortoiseSVN\bin;C:\Users\Administrator\AppData\Roaming\npm
USERNAME=Administrator
OS=Windows_NT
PROCESSOR_IDENTIFIER=Intel64 Family 6 Model 42 Stepping 7, GenuineIntel



---------------  S Y S T E M  ---------------

OS: Windows 7 , 64 bit Build 7601 Service Pack 1

CPU:total 4 (2 cores per cpu, 2 threads per core) family 6 model 42 stepping 7, cmov, cx8, fxsr, mmx, sse, sse2, sse3, ssse3, sse4.1, sse4.2, popcnt, avx, aes, ht, tsc, tscinvbit

Memory: 4k page, physical 4074736k(267764k free), swap 8147612k(2105136k free)

vm_info: Java HotSpot(TM) 64-Bit Server VM (24.79-b02) for windows-amd64 JRE (1.7.0_79-b15), built on Apr 10 2015 12:36:16 by "java_re" with unknown MS VC++:1600

time: Mon Aug 14 15:52:02 2017
elapsed time: 16760 seconds

