#
# A fatal error has been detected by the Java Runtime Environment:
#
#  Internal Error (jvmtiRedefineClasses.cpp:1654), pid=34188, tid=21760
#  guarantee(false) failed: insert_space_at() failed
#
# JRE version: Java(TM) SE Runtime Environment (7.0_79-b15) (build 1.7.0_79-b15)
# Java VM: Java HotSpot(TM) 64-Bit Server VM (24.79-b02 mixed mode windows-amd64 compressed oops)
# Failed to write core dump. Minidumps are not enabled by default on client versions of Windows
#
# If you would like to submit a bug report, please visit:
#   http://bugreport.java.com/bugreport/crash.jsp
#

---------------  T H R E A D  ---------------

Current thread (0x0000000008886800):  JavaThread "JDWP Transport Listener: dt_socket" daemon [_thread_in_vm, id=21760, stack(0x000000000a900000,0x000000000aa00000)]

Stack: [0x000000000a900000,0x000000000aa00000]
[error occurred during error reporting (printing stack bounds), id 0xc0000005]


[error occurred during error reporting (printing native stack), id 0xc0000005]


---------------  P R O C E S S  ---------------

Java Threads: ( => current thread )
  0x000000000ea7d000 JavaThread "ForkJoinPool-1-worker-122" daemon [_thread_blocked, id=49208, stack(0x0000000014a50000,0x0000000014b50000)]
  0x000000000ef7d800 JavaThread "btpool0-53" [_thread_blocked, id=35792, stack(0x0000000014410000,0x0000000014510000)]
  0x000000000ef80800 JavaThread "btpool0-51" [_thread_blocked, id=38468, stack(0x00000000140a0000,0x00000000141a0000)]
  0x000000000ef7e000 JavaThread "btpool0-49" [_thread_blocked, id=38356, stack(0x000000000cb90000,0x000000000cc90000)]
  0x000000000d072800 JavaThread "btpool0-47" [_thread_blocked, id=46344, stack(0x0000000013e90000,0x0000000013f90000)]
  0x000000000d06f800 JavaThread "Thread-15" [_thread_blocked, id=47860, stack(0x000000000fa00000,0x000000000fb00000)]
  0x000000000b589000 JavaThread "Thread-14" [_thread_blocked, id=39100, stack(0x0000000010560000,0x0000000010660000)]
  0x000000000b588800 JavaThread "Thread-13" [_thread_blocked, id=49892, stack(0x0000000010820000,0x0000000010920000)]
  0x000000000b587800 JavaThread "DubboMonitorSendTimer-thread-3" daemon [_thread_blocked, id=41620, stack(0x0000000013b60000,0x0000000013c60000)]
  0x000000000b587000 JavaThread "Thread-12" [_thread_blocked, id=45148, stack(0x0000000013980000,0x0000000013a80000)]
  0x000000000b566000 JavaThread "Thread-11" [_thread_blocked, id=33064, stack(0x000000000fb40000,0x000000000fc40000)]
  0x000000000b586000 JavaThread "DubboMonitorSendTimer-thread-2" daemon [_thread_blocked, id=44616, stack(0x0000000013850000,0x0000000013950000)]
  0x000000000b564800 JavaThread "Thread-10" [_thread_blocked, id=45132, stack(0x000000000f280000,0x000000000f380000)]
  0x000000000b585800 JavaThread "dubbo-remoting-client-heartbeat-thread-2" daemon [_thread_blocked, id=42524, stack(0x0000000013750000,0x0000000013850000)]
  0x000000000b584800 JavaThread "Thread-9" [_thread_blocked, id=40268, stack(0x0000000013510000,0x0000000013610000)]
  0x000000000b583000 JavaThread "Thread-8" [_thread_blocked, id=41116, stack(0x0000000012170000,0x0000000012270000)]
  0x000000000b582800 JavaThread "FileWatchdog" daemon [_thread_blocked, id=44216, stack(0x00000000133d0000,0x00000000134d0000)]
  0x000000000ce52000 JavaThread "dubbo-remoting-server-heartbeat-thread-1" daemon [_thread_blocked, id=42452, stack(0x0000000012050000,0x0000000012150000)]
  0x000000000ce51800 JavaThread "New I/O server boss #1 ([id: 0x1ada4a2e, /0:0:0:0:0:0:0:0:8082])" daemon [_thread_in_native, id=22604, stack(0x0000000013290000,0x0000000013390000)]
  0x000000000ce50800 JavaThread "galaxyTaskScheduler-4" [_thread_blocked, id=45552, stack(0x0000000011c70000,0x0000000011d70000)]
  0x000000000ce50000 JavaThread "galaxyTaskScheduler-3" [_thread_blocked, id=40596, stack(0x0000000011de0000,0x0000000011ee0000)]
  0x000000000ce4f000 JavaThread "galaxyTaskScheduler-2" [_thread_blocked, id=47080, stack(0x0000000010ac0000,0x0000000010bc0000)]
  0x000000000ce4e800 JavaThread "galaxyTaskScheduler-1" [_thread_blocked, id=31104, stack(0x0000000010930000,0x0000000010a30000)]
  0x000000000ce4d000 JavaThread "pool-2-thread-1" [_thread_blocked, id=41408, stack(0x0000000010670000,0x0000000010770000)]
  0x000000000ce4c000 JavaThread "DubboMonitorSendTimer-thread-1" daemon [_thread_blocked, id=46920, stack(0x0000000010460000,0x0000000010560000)]
  0x000000000ce4b000 JavaThread "DubboResponseTimeoutScanTimer" daemon [_thread_blocked, id=41404, stack(0x00000000102f0000,0x00000000103f0000)]
  0x000000000b569000 JavaThread "Timer-1" daemon [_thread_blocked, id=46212, stack(0x000000000ffc0000,0x00000000100c0000)]
  0x000000000b56a000 JavaThread "commons-pool-EvictionTimer" daemon [_thread_blocked, id=47016, stack(0x0000000010170000,0x0000000010270000)]
  0x000000000b568800 JavaThread "pool-1-thread-1" [_thread_blocked, id=45844, stack(0x000000000ca90000,0x000000000cb90000)]
  0x000000000b567800 JavaThread "DubboClientReconnectTimer-thread-2" daemon [_thread_blocked, id=30764, stack(0x000000000fdd0000,0x000000000fed0000)]
  0x000000000b567000 JavaThread "dubbo-remoting-client-heartbeat-thread-1" daemon [_thread_blocked, id=38648, stack(0x000000000fc70000,0x000000000fd70000)]
  0x000000000b565800 JavaThread "New I/O client worker #1-1" daemon [_thread_in_native, id=38376, stack(0x000000000f8d0000,0x000000000f9d0000)]
  0x000000000b564000 JavaThread "DubboClientReconnectTimer-thread-1" daemon [_thread_blocked, id=45428, stack(0x000000000f040000,0x000000000f140000)]
  0x000000000cde3000 JavaThread "DubboSaveRegistryCache-thread-1" daemon [_thread_blocked, id=45016, stack(0x000000000f140000,0x000000000f240000)]
  0x000000000d3c0800 JavaThread "main-EventThread" daemon [_thread_blocked, id=45824, stack(0x000000000f730000,0x000000000f830000)]
  0x000000000b702800 JavaThread "main-SendThread(local.galaxyinternet.com:2181)" daemon [_thread_in_native, id=46548, stack(0x000000000f5c0000,0x000000000f6c0000)]
  0x000000000d112000 JavaThread "ZkClient-EventThread-20-127.0.0.1:2181" daemon [_thread_blocked, id=44568, stack(0x000000000def0000,0x000000000dff0000)]
  0x000000000dbaa800 JavaThread "DubboRegistryFailedRetryTimer-thread-1" daemon [_thread_blocked, id=44076, stack(0x000000000f430000,0x000000000f530000)]
  0x000000000c3dd800 JavaThread "Timer-0" [_thread_blocked, id=46072, stack(0x000000000ddc0000,0x000000000dec0000)]
  0x0000000009ea4800 JavaThread "btpool0-0 - Acceptor0 SelectChannelConnector@0.0.0.0:9393" [_thread_in_native, id=45684, stack(0x000000000dc90000,0x000000000dd90000)]
  0x000000000bb15000 JavaThread "Okio Watchdog" daemon [_thread_blocked, id=45040, stack(0x000000000a400000,0x000000000a500000)]
  0x0000000009d83000 JavaThread "Service Thread" daemon [_thread_blocked, id=48968, stack(0x000000000a2c0000,0x000000000a3c0000)]
  0x0000000009d77000 JavaThread "C2 CompilerThread1" daemon [_thread_blocked, id=45572, stack(0x000000000aec0000,0x000000000afc0000)]
  0x0000000009d74000 JavaThread "C2 CompilerThread0" daemon [_thread_blocked, id=39300, stack(0x000000000ab40000,0x000000000ac40000)]
  0x000000000888d800 JavaThread "JDWP Command Reader" daemon [_thread_in_native, id=36484, stack(0x000000000a6c0000,0x000000000a7c0000)]
  0x000000000888c000 JavaThread "JDWP Event Helper Thread" daemon [_thread_blocked, id=47456, stack(0x000000000acc0000,0x000000000adc0000)]
=>0x0000000008886800 JavaThread "JDWP Transport Listener: dt_socket" daemon [_thread_in_vm, id=21760, stack(0x000000000a900000,0x000000000aa00000)]
  0x0000000009d5c800 JavaThread "Attach Listener" daemon [_thread_blocked, id=46008, stack(0x0000000009770000,0x0000000009870000)]
  0x000000000887a000 JavaThread "Signal Dispatcher" daemon [_thread_blocked, id=33408, stack(0x000000000a180000,0x000000000a280000)]
  0x0000000008818000 JavaThread "Finalizer" daemon [_thread_blocked, id=49976, stack(0x0000000009c50000,0x0000000009d50000)]
  0x0000000008811000 JavaThread "Reference Handler" daemon [_thread_blocked, id=46680, stack(0x0000000009aa0000,0x0000000009ba0000)]
  0x0000000002488000 JavaThread "main" [_thread_blocked, id=45688, stack(0x00000000026e0000,0x00000000027e0000)]

Other Threads:
  0x000000000880b800 VMThread [stack: 0x0000000009930000,0x0000000009a30000] [id=45604]
  0x0000000009d8f800 WatcherThread [stack: 0x000000000b050000,0x000000000b150000] [id=46124]

VM state:not at safepoint (normal execution)

VM Mutex/Monitor currently owned by a thread: None

Heap
 PSYoungGen      total 39936K, used 8K [0x00000000eb400000, 0x00000000ede00000, 0x0000000100000000)
  eden space 37376K, 0% used [0x00000000eb400000,0x00000000eb4020c8,0x00000000ed880000)
  from space 2560K, 0% used [0x00000000ed880000,0x00000000ed880000,0x00000000edb00000)
  to   space 2560K, 0% used [0x00000000edb80000,0x00000000edb80000,0x00000000ede00000)
 ParOldGen       total 298496K, used 68636K [0x00000000c1c00000, 0x00000000d3f80000, 0x00000000eb400000)
  object space 298496K, 22% used [0x00000000c1c00000,0x00000000c5f072d0,0x00000000d3f80000)
 PSPermGen       total 83968K, used 83965K [0x00000000bca00000, 0x00000000c1c00000, 0x00000000c1c00000)
  object space 83968K, 99% used [0x00000000bca00000,0x00000000c1bff648,0x00000000c1c00000)

Card table byte_map: [0x00000000057e0000,0x0000000005a00000] byte_map_base: 0x00000000051fb000

Polling page: 0x0000000000130000

Code Cache  [0x00000000027e0000, 0x0000000003540000, 0x00000000057e0000)
 total_blobs=3848 nmethods=3300 adapters=507 free_code_cache=35653Kb largest_free_block=36322432

Compilation events (10 events):
Event: 11146.793 Thread 0x0000000009d74000 3658   !         java.io.ObjectStreamClass::getReflector (336 bytes)
Event: 11146.812 Thread 0x0000000009d74000 nmethod 3658 0x0000000003522d50 code [0x0000000003522fa0, 0x0000000003523db0]
Event: 11152.344 Thread 0x0000000009d77000 3659             org.apache.ibatis.scripting.xmltags.ForEachSqlNode::apply (274 bytes)
Event: 11152.413 Thread 0x0000000009d77000 nmethod 3659 0x0000000003528a10 code [0x0000000003528e80, 0x000000000352b5b0]
Event: 11201.843 Thread 0x0000000009d74000 3660   !         org.eclipse.jdt.internal.compiler.classfmt.ClassFileReader::initialize (113 bytes)
Event: 11201.844 Thread 0x0000000009d77000 3661             org.eclipse.jdt.internal.compiler.ast.MessageSend::resolveType (995 bytes)
Event: 11201.878 Thread 0x0000000009d74000 nmethod 3660 0x0000000003048650 code [0x0000000003048960, 0x0000000003049d78]
Event: 11201.882 Thread 0x0000000009d74000 3662             org.eclipse.jdt.internal.compiler.ast.MessageSend::analyseCode (130 bytes)
Event: 11201.911 Thread 0x0000000009d74000 nmethod 3662 0x000000000352eb50 code [0x000000000352ee00, 0x0000000003530148]
Event: 11201.930 Thread 0x0000000009d77000 nmethod 3661 0x0000000003535dd0 code [0x00000000035362e0, 0x0000000003538eb8]

GC Heap History (10 events):
Event: 11356.661 GC heap before
{Heap before GC invocations=116 (full 5):
 PSYoungGen      total 39424K, used 0K [0x00000000eb400000, 0x00000000edd80000, 0x0000000100000000)
  eden space 36864K, 0% used [0x00000000eb400000,0x00000000eb400000,0x00000000ed800000)
  from space 2560K, 0% used [0x00000000ed800000,0x00000000ed800000,0x00000000eda80000)
  to   space 2560K, 0% used [0x00000000edb00000,0x00000000edb00000,0x00000000edd80000)
 ParOldGen       total 160256K, used 68984K [0x00000000c1c00000, 0x00000000cb880000, 0x00000000eb400000)
  object space 160256K, 43% used [0x00000000c1c00000,0x00000000c5f5e050,0x00000000cb880000)
 PSPermGen       total 83968K, used 83967K [0x00000000bca00000, 0x00000000c1c00000, 0x00000000c1c00000)
  object space 83968K, 99% used [0x00000000bca00000,0x00000000c1bfffc8,0x00000000c1c00000)
Event: 11357.329 GC heap after
Heap after GC invocations=116 (full 5):
 PSYoungGen      total 39424K, used 0K [0x00000000eb400000, 0x00000000edd80000, 0x0000000100000000)
  eden space 36864K, 0% used [0x00000000eb400000,0x00000000eb400000,0x00000000ed800000)
  from space 2560K, 0% used [0x00000000ed800000,0x00000000ed800000,0x00000000eda80000)
  to   space 2560K, 0% used [0x00000000edb00000,0x00000000edb00000,0x00000000edd80000)
 ParOldGen       total 195584K, used 68636K [0x00000000c1c00000, 0x00000000cdb00000, 0x00000000eb400000)
  object space 195584K, 35% used [0x00000000c1c00000,0x00000000c5f07318,0x00000000cdb00000)
 PSPermGen       total 83968K, used 83690K [0x00000000bca00000, 0x00000000c1c00000, 0x00000000c1c00000)
  object space 83968K, 99% used [0x00000000bca00000,0x00000000c1bba910,0x00000000c1c00000)
}
Event: 11357.337 GC heap before
{Heap before GC invocations=117 (full 5):
 PSYoungGen      total 39424K, used 170K [0x00000000eb400000, 0x00000000edd80000, 0x0000000100000000)
  eden space 36864K, 0% used [0x00000000eb400000,0x00000000eb42aa80,0x00000000ed800000)
  from space 2560K, 0% used [0x00000000ed800000,0x00000000ed800000,0x00000000eda80000)
  to   space 2560K, 0% used [0x00000000edb00000,0x00000000edb00000,0x00000000edd80000)
 ParOldGen       total 195584K, used 68636K [0x00000000c1c00000, 0x00000000cdb00000, 0x00000000eb400000)
  object space 195584K, 35% used [0x00000000c1c00000,0x00000000c5f07318,0x00000000cdb00000)
 PSPermGen       total 83968K, used 83965K [0x00000000bca00000, 0x00000000c1c00000, 0x00000000c1c00000)
  object space 83968K, 99% used [0x00000000bca00000,0x00000000c1bff648,0x00000000c1c00000)
Event: 11357.340 GC heap after
Heap after GC invocations=117 (full 5):
 PSYoungGen      total 39936K, used 64K [0x00000000eb400000, 0x00000000edd80000, 0x0000000100000000)
  eden space 37376K, 0% used [0x00000000eb400000,0x00000000eb400000,0x00000000ed880000)
  from space 2560K, 2% used [0x00000000edb00000,0x00000000edb10000,0x00000000edd80000)
  to   space 2560K, 0% used [0x00000000ed880000,0x00000000ed880000,0x00000000edb00000)
 ParOldGen       total 195584K, used 68636K [0x00000000c1c00000, 0x00000000cdb00000, 0x00000000eb400000)
  object space 195584K, 35% used [0x00000000c1c00000,0x00000000c5f07318,0x00000000cdb00000)
 PSPermGen       total 83968K, used 83965K [0x00000000bca00000, 0x00000000c1c00000, 0x00000000c1c00000)
  object space 83968K, 99% used [0x00000000bca00000,0x00000000c1bff648,0x00000000c1c00000)
}
Event: 11357.340 GC heap before
{Heap before GC invocations=118 (full 6):
 PSYoungGen      total 39936K, used 64K [0x00000000eb400000, 0x00000000edd80000, 0x0000000100000000)
  eden space 37376K, 0% used [0x00000000eb400000,0x00000000eb400000,0x00000000ed880000)
  from space 2560K, 2% used [0x00000000edb00000,0x00000000edb10000,0x00000000edd80000)
  to   space 2560K, 0% used [0x00000000ed880000,0x00000000ed880000,0x00000000edb00000)
 ParOldGen       total 195584K, used 68636K [0x00000000c1c00000, 0x00000000cdb00000, 0x00000000eb400000)
  object space 195584K, 35% used [0x00000000c1c00000,0x00000000c5f07318,0x00000000cdb00000)
 PSPermGen       total 83968K, used 83965K [0x00000000bca00000, 0x00000000c1c00000, 0x00000000c1c00000)
  object space 83968K, 99% used [0x00000000bca00000,0x00000000c1bff648,0x00000000c1c00000)
Event: 11357.588 GC heap after
Heap after GC invocations=118 (full 6):
 PSYoungGen      total 39936K, used 0K [0x00000000eb400000, 0x00000000edd80000, 0x0000000100000000)
  eden space 37376K, 0% used [0x00000000eb400000,0x00000000eb400000,0x00000000ed880000)
  from space 2560K, 0% used [0x00000000edb00000,0x00000000edb00000,0x00000000edd80000)
  to   space 2560K, 0% used [0x00000000ed880000,0x00000000ed880000,0x00000000edb00000)
 ParOldGen       total 245760K, used 68636K [0x00000000c1c00000, 0x00000000d0c00000, 0x00000000eb400000)
  object space 245760K, 27% used [0x00000000c1c00000,0x00000000c5f072d0,0x00000000d0c00000)
 PSPermGen       total 83968K, used 83965K [0x00000000bca00000, 0x00000000c1c00000, 0x00000000c1c00000)
  object space 83968K, 99% used [0x00000000bca00000,0x00000000c1bff648,0x00000000c1c00000)
}
Event: 11357.588 GC heap before
{Heap before GC invocations=119 (full 6):
 PSYoungGen      total 39936K, used 0K [0x00000000eb400000, 0x00000000edd80000, 0x0000000100000000)
  eden space 37376K, 0% used [0x00000000eb400000,0x00000000eb400000,0x00000000ed880000)
  from space 2560K, 0% used [0x00000000edb00000,0x00000000edb00000,0x00000000edd80000)
  to   space 2560K, 0% used [0x00000000ed880000,0x00000000ed880000,0x00000000edb00000)
 ParOldGen       total 245760K, used 68636K [0x00000000c1c00000, 0x00000000d0c00000, 0x00000000eb400000)
  object space 245760K, 27% used [0x00000000c1c00000,0x00000000c5f072d0,0x00000000d0c00000)
 PSPermGen       total 83968K, used 83965K [0x00000000bca00000, 0x00000000c1c00000, 0x00000000c1c00000)
  object space 83968K, 99% used [0x00000000bca00000,0x00000000c1bff648,0x00000000c1c00000)
Event: 11357.592 GC heap after
Heap after GC invocations=119 (full 6):
 PSYoungGen      total 39936K, used 0K [0x00000000eb400000, 0x00000000ede00000, 0x0000000100000000)
  eden space 37376K, 0% used [0x00000000eb400000,0x00000000eb400000,0x00000000ed880000)
  from space 2560K, 0% used [0x00000000ed880000,0x00000000ed880000,0x00000000edb00000)
  to   space 2560K, 0% used [0x00000000edb80000,0x00000000edb80000,0x00000000ede00000)
 ParOldGen       total 245760K, used 68636K [0x00000000c1c00000, 0x00000000d0c00000, 0x00000000eb400000)
  object space 245760K, 27% used [0x00000000c1c00000,0x00000000c5f072d0,0x00000000d0c00000)
 PSPermGen       total 83968K, used 83965K [0x00000000bca00000, 0x00000000c1c00000, 0x00000000c1c00000)
  object space 83968K, 99% used [0x00000000bca00000,0x00000000c1bff648,0x00000000c1c00000)
}
Event: 11357.592 GC heap before
{Heap before GC invocations=120 (full 7):
 PSYoungGen      total 39936K, used 0K [0x00000000eb400000, 0x00000000ede00000, 0x0000000100000000)
  eden space 37376K, 0% used [0x00000000eb400000,0x00000000eb400000,0x00000000ed880000)
  from space 2560K, 0% used [0x00000000ed880000,0x00000000ed880000,0x00000000edb00000)
  to   space 2560K, 0% used [0x00000000edb80000,0x00000000edb80000,0x00000000ede00000)
 ParOldGen       total 245760K, used 68636K [0x00000000c1c00000, 0x00000000d0c00000, 0x00000000eb400000)
  object space 245760K, 27% used [0x00000000c1c00000,0x00000000c5f072d0,0x00000000d0c00000)
 PSPermGen       total 83968K, used 83965K [0x00000000bca00000, 0x00000000c1c00000, 0x00000000c1c00000)
  object space 83968K, 99% used [0x00000000bca00000,0x00000000c1bff648,0x00000000c1c00000)
Event: 11357.897 GC heap after
Heap after GC invocations=120 (full 7):
 PSYoungGen      total 39936K, used 0K [0x00000000eb400000, 0x00000000ede00000, 0x0000000100000000)
  eden space 37376K, 0% used [0x00000000eb400000,0x00000000eb400000,0x00000000ed880000)
  from space 2560K, 0% used [0x00000000ed880000,0x00000000ed880000,0x00000000edb00000)
  to   space 2560K, 0% used [0x00000000edb80000,0x00000000edb80000,0x00000000ede00000)
 ParOldGen       total 298496K, used 68636K [0x00000000c1c00000, 0x00000000d3f80000, 0x00000000eb400000)
  object space 298496K, 22% used [0x00000000c1c00000,0x00000000c5f072d0,0x00000000d3f80000)
 PSPermGen       total 83968K, used 83965K [0x00000000bca00000, 0x00000000c1c00000, 0x00000000c1c00000)
  object space 83968K, 99% used [0x00000000bca00000,0x00000000c1bff648,0x00000000c1c00000)
}

Deoptimization events (10 events):
Event: 11267.919 Thread 0x000000000ef7f000 Uncommon trap: reason=unhandled action=none pc=0x0000000002ef086c method=java.lang.Class.getMethod(Ljava/lang/String;[Ljava/lang/Class;)Ljava/lang/reflect/Method; @ 60
Event: 11267.921 Thread 0x000000000ef7f000 Uncommon trap: reason=unhandled action=none pc=0x0000000002ef086c method=java.lang.Class.getMethod(Ljava/lang/String;[Ljava/lang/Class;)Ljava/lang/reflect/Method; @ 60
Event: 11272.026 Thread 0x000000000ef7f800 Uncommon trap: reason=unhandled action=none pc=0x0000000002ef086c method=java.lang.Class.getMethod(Ljava/lang/String;[Ljava/lang/Class;)Ljava/lang/reflect/Method; @ 60
Event: 11272.029 Thread 0x000000000ef7f800 Uncommon trap: reason=unhandled action=none pc=0x0000000002ef086c method=java.lang.Class.getMethod(Ljava/lang/String;[Ljava/lang/Class;)Ljava/lang/reflect/Method; @ 60
Event: 11272.063 Thread 0x000000000ef7f800 Uncommon trap: reason=unhandled action=none pc=0x0000000002ef086c method=java.lang.Class.getMethod(Ljava/lang/String;[Ljava/lang/Class;)Ljava/lang/reflect/Method; @ 60
Event: 11272.105 Thread 0x000000000ef7f800 Uncommon trap: reason=unhandled action=none pc=0x0000000002ef086c method=java.lang.Class.getMethod(Ljava/lang/String;[Ljava/lang/Class;)Ljava/lang/reflect/Method; @ 60
Event: 11272.470 Thread 0x000000000ef7f800 Uncommon trap: reason=unhandled action=none pc=0x0000000002ef086c method=java.lang.Class.getMethod(Ljava/lang/String;[Ljava/lang/Class;)Ljava/lang/reflect/Method; @ 60
Event: 11272.472 Thread 0x000000000ef7f800 Uncommon trap: reason=unhandled action=none pc=0x0000000002ef086c method=java.lang.Class.getMethod(Ljava/lang/String;[Ljava/lang/Class;)Ljava/lang/reflect/Method; @ 60
Event: 11275.943 Thread 0x000000000ef7f800 Uncommon trap: reason=unhandled action=none pc=0x0000000002ef086c method=java.lang.Class.getMethod(Ljava/lang/String;[Ljava/lang/Class;)Ljava/lang/reflect/Method; @ 60
Event: 11275.945 Thread 0x000000000ef7f800 Uncommon trap: reason=unhandled action=none pc=0x0000000002ef086c method=java.lang.Class.getMethod(Ljava/lang/String;[Ljava/lang/Class;)Ljava/lang/reflect/Method; @ 60

Internal exceptions (10 events):
Event: 11266.410 Thread 0x000000000b565800 Threw 0x00000000ed6896f0 at C:\re\jdk7u79\2331\hotspot\src\share\vm\interpreter\interpreterRuntime.cpp:347
Event: 11266.420 Thread 0x000000000b565800 Threw 0x00000000ed693290 at C:\re\jdk7u79\2331\hotspot\src\share\vm\interpreter\interpreterRuntime.cpp:347
Event: 11266.435 Thread 0x000000000b565800 Threw 0x00000000ed6a3c80 at C:\re\jdk7u79\2331\hotspot\src\share\vm\interpreter\interpreterRuntime.cpp:347
Event: 11266.450 Thread 0x000000000b565800 Threw 0x00000000ed6adb58 at C:\re\jdk7u79\2331\hotspot\src\share\vm\interpreter\interpreterRuntime.cpp:347
Event: 11266.476 Thread 0x000000000b565800 Threw 0x00000000ed736bf8 at C:\re\jdk7u79\2331\hotspot\src\share\vm\interpreter\interpreterRuntime.cpp:347
Event: 11267.001 Thread 0x000000000b565800 Threw 0x00000000eb4b4268 at C:\re\jdk7u79\2331\hotspot\src\share\vm\interpreter\interpreterRuntime.cpp:347
Event: 11267.097 Thread 0x000000000b565800 Threw 0x00000000ec0eada0 at C:\re\jdk7u79\2331\hotspot\src\share\vm\interpreter\interpreterRuntime.cpp:347
Event: 11267.110 Thread 0x000000000b565800 Threw 0x00000000ec0ef900 at C:\re\jdk7u79\2331\hotspot\src\share\vm\interpreter\interpreterRuntime.cpp:347
Event: 11267.118 Thread 0x000000000b565800 Threw 0x00000000ec0f4300 at C:\re\jdk7u79\2331\hotspot\src\share\vm\interpreter\interpreterRuntime.cpp:347
Event: 11357.899 Thread 0x0000000008886800 Threw 0x00000000bcaad5f8 at C:\re\jdk7u79\2331\hotspot\src\share\vm\gc_interface/collectedHeap.inline.hpp:225

Events (10 events):
Event: 11332.900 Executing VM operation: RevokeBias done
Event: 11335.943 Thread 0x000000000ef7f800 Thread exited: 0x000000000ef7f800
Event: 11355.540 Executing VM operation: ParallelGCFailedPermanentAllocation
Event: 11356.392 Executing VM operation: ParallelGCFailedPermanentAllocation done
Event: 11356.393 loading class 0x000000000b8124e0
Event: 11356.393 loading class 0x000000000b8124e0 done
Event: 11356.428 Executing VM operation: ParallelGCFailedPermanentAllocation
Event: 11357.329 Executing VM operation: ParallelGCFailedPermanentAllocation done
Event: 11357.337 Executing VM operation: ParallelGCFailedPermanentAllocation
Event: 11357.897 Executing VM operation: ParallelGCFailedPermanentAllocation done


Dynamic libraries:
0x000000013f200000 - 0x000000013f233000 	D:\external_file\java\jdk1.7.0_79\bin\javaw.exe
0x00000000774f0000 - 0x000000007769a000 	C:\Windows\SYSTEM32\ntdll.dll
0x00000000773d0000 - 0x00000000774ef000 	C:\Windows\system32\kernel32.dll
0x000007fefd470000 - 0x000007fefd4db000 	C:\Windows\system32\KERNELBASE.dll
0x000007feff5e0000 - 0x000007feff6bb000 	C:\Windows\system32\ADVAPI32.dll
0x000007fefd660000 - 0x000007fefd6ff000 	C:\Windows\system32\msvcrt.dll
0x000007fefd830000 - 0x000007fefd84f000 	C:\Windows\SYSTEM32\sechost.dll
0x000007fefdb80000 - 0x000007fefdcad000 	C:\Windows\system32\RPCRT4.dll
0x00000000772d0000 - 0x00000000773ca000 	C:\Windows\system32\USER32.dll
0x000007fefe2b0000 - 0x000007fefe317000 	C:\Windows\system32\GDI32.dll
0x000007feff390000 - 0x000007feff39e000 	C:\Windows\system32\LPK.dll
0x000007fefdab0000 - 0x000007fefdb7a000 	C:\Windows\system32\USP10.dll
0x000007fefc470000 - 0x000007fefc664000 	C:\Windows\WinSxS\amd64_microsoft.windows.common-controls_6595b64144ccf1df_6.0.7601.18837_none_fa3b1e3d17594757\COMCTL32.dll
0x000007fefe230000 - 0x000007fefe2a1000 	C:\Windows\system32\SHLWAPI.dll
0x000007fefe200000 - 0x000007fefe22e000 	C:\Windows\system32\IMM32.DLL
0x000007fefe0f0000 - 0x000007fefe1f9000 	C:\Windows\system32\MSCTF.dll
0x0000000065c50000 - 0x0000000065d22000 	D:\external_file\java\jdk1.7.0_79\jre\bin\msvcr100.dll
0x000000006e590000 - 0x000000006ed65000 	D:\external_file\java\jdk1.7.0_79\jre\bin\server\jvm.dll
0x000007fefaf20000 - 0x000007fefaf29000 	C:\Windows\system32\WSOCK32.dll
0x000007fefd700000 - 0x000007fefd74d000 	C:\Windows\system32\WS2_32.dll
0x000007feff0b0000 - 0x000007feff0b8000 	C:\Windows\system32\NSI.dll
0x000007fefa0f0000 - 0x000007fefa12b000 	C:\Windows\system32\WINMM.dll
0x00000000776c0000 - 0x00000000776c7000 	C:\Windows\system32\PSAPI.DLL
0x0000000074040000 - 0x000000007404f000 	D:\external_file\java\jdk1.7.0_79\jre\bin\verify.dll
0x000000006d7b0000 - 0x000000006d7d8000 	D:\external_file\java\jdk1.7.0_79\jre\bin\java.dll
0x0000000068060000 - 0x0000000068095000 	D:\external_file\java\jdk1.7.0_79\jre\bin\jdwp.dll
0x0000000073f10000 - 0x0000000073f18000 	D:\external_file\java\jdk1.7.0_79\jre\bin\npt.dll
0x0000000072fd0000 - 0x0000000072fe5000 	D:\external_file\java\jdk1.7.0_79\jre\bin\zip.dll
0x0000000073080000 - 0x0000000073089000 	D:\external_file\java\jdk1.7.0_79\jre\bin\dt_socket.dll
0x000007fefb0d0000 - 0x000007fefb0e5000 	C:\Windows\system32\NLAapi.dll
0x000007fef1160000 - 0x000007fef1175000 	C:\Windows\system32\napinsp.dll
0x000007fef08d0000 - 0x000007fef08e9000 	C:\Windows\system32\pnrpnsp.dll
0x000007fefca80000 - 0x000007fefcad5000 	C:\Windows\System32\mswsock.dll
0x000007fefc900000 - 0x000007fefc95b000 	C:\Windows\system32\DNSAPI.dll
0x000007fef9f40000 - 0x000007fef9f4b000 	C:\Windows\System32\winrnr.dll
0x000007fef2e10000 - 0x000007fef2e20000 	C:\Windows\system32\wshbth.dll
0x0000000073bc0000 - 0x0000000073be6000 	C:\Program Files\Bonjour\mdnsNSP.dll
0x000007fefaed0000 - 0x000007fefaef7000 	C:\Windows\system32\Iphlpapi.DLL
0x000007fefaec0000 - 0x000007fefaecb000 	C:\Windows\system32\WINNSI.DLL
0x000007fefad00000 - 0x000007fefad53000 	C:\Windows\System32\fwpuclnt.dll
0x000007fef9f30000 - 0x000007fef9f38000 	C:\Windows\system32\rasadhlp.dll
0x000007fefbf20000 - 0x000007fefbf27000 	C:\Windows\System32\wshtcpip.dll
0x0000000072f80000 - 0x0000000072f9a000 	D:\external_file\java\jdk1.7.0_79\jre\bin\net.dll
0x000007fefca70000 - 0x000007fefca77000 	C:\Windows\System32\wship6.dll
0x000000006bc70000 - 0x000000006bc81000 	D:\external_file\java\jdk1.7.0_79\jre\bin\nio.dll
0x0000000069ff0000 - 0x000000006a014000 	D:\external_file\java\jdk1.7.0_79\jre\bin\sunec.dll
0x0000000072ef0000 - 0x0000000072efb000 	D:\external_file\java\jdk1.7.0_79\jre\bin\sunmscapi.dll
0x000007fefd2c0000 - 0x000007fefd42d000 	C:\Windows\system32\CRYPT32.dll
0x000007fefd2a0000 - 0x000007fefd2af000 	C:\Windows\system32\MSASN1.dll
0x000007fefcae0000 - 0x000007fefcaf8000 	C:\Windows\system32\CRYPTSP.dll
0x000007fefc7e0000 - 0x000007fefc827000 	C:\Windows\system32\rsaenh.dll
0x000007fefd540000 - 0x000007fefd55e000 	C:\Windows\system32\USERENV.dll
0x000007fefd2b0000 - 0x000007fefd2bf000 	C:\Windows\system32\profapi.dll
0x000007fefd140000 - 0x000007fefd14f000 	C:\Windows\system32\CRYPTBASE.dll
0x000007fefac10000 - 0x000007fefac21000 	C:\Windows\system32\dhcpcsvc6.DLL
0x000007fefac70000 - 0x000007fefac88000 	C:\Windows\system32\dhcpcsvc.DLL
0x00000000740b0000 - 0x00000000740bb000 	D:\external_file\java\jdk1.7.0_79\jre\bin\management.dll
0x00000000659b0000 - 0x0000000065b45000 	D:\external_file\java\jdk1.7.0_79\jre\bin\awt.dll
0x000007fefd750000 - 0x000007fefd828000 	C:\Windows\system32\OLEAUT32.dll
0x000007fefdcb0000 - 0x000007fefdeb3000 	C:\Windows\system32\ole32.dll

VM Arguments:
jvm_args: -agentlib:jdwp=transport=dt_socket,suspend=y,address=localhost:57460 -Dmaven.home=EMBEDDED -Dclassworlds.conf=D:\newWorkSpace\.metadata\.plugins\org.eclipse.m2e.launching\launches\m2conf7298220436624980129.tmp -Dmaven.multiModuleProjectDirectory=D:\newWorkSpace\star\galaxy-sop\galaxy-sop-server -Dfile.encoding=GBK 
java_command: org.codehaus.plexus.classworlds.launcher.Launcher -B -Dmaven.test.skip=true -DskipTests jetty:run -Pnginx
Launcher Type: SUN_STANDARD

Environment Variables:
JAVA_HOME=D:\external_file\java
PATH=D:\external_file\java\jdk1.7.0_79\jre\bin;C:\ProgramData\Oracle\Java\javapath;C:\Windows\system32;C:\Windows;C:\Windows\System32\Wbem;C:\Windows\System32\WindowsPowerShell\v1.0\;C:\Program Files (x86)\Intel\OpenCL SDK\2.0\bin\x86;C:\Program Files (x86)\Intel\OpenCL SDK\2.0\bin\x64;C:\Program Files\nodejs\;C:\Program Files\Git\cmd;D:\external_file\java\bin;D:\external_file\apache-maven-3.3.9-bin\bin;C:\Program Files\TortoiseSVN\bin:C:\Program Files\apache-tomcat-7.0.76\bin;C:\Program Files\TortoiseSVN\bin;C:\Users\Administrator\AppData\Roaming\npm
USERNAME=Administrator
OS=Windows_NT
PROCESSOR_IDENTIFIER=Intel64 Family 6 Model 42 Stepping 7, GenuineIntel



---------------  S Y S T E M  ---------------

OS: Windows 7 , 64 bit Build 7601 Service Pack 1

CPU:total 4 (2 cores per cpu, 2 threads per core) family 6 model 42 stepping 7, cmov, cx8, fxsr, mmx, sse, sse2, sse3, ssse3, sse4.1, sse4.2, popcnt, avx, aes, ht, tsc, tscinvbit

Memory: 4k page, physical 4074736k(294080k free), swap 9825656k(1583280k free)

vm_info: Java HotSpot(TM) 64-Bit Server VM (24.79-b02) for windows-amd64 JRE (1.7.0_79-b15), built on Apr 10 2015 12:36:16 by "java_re" with unknown MS VC++:1600

time: Thu Aug 03 14:02:55 2017
elapsed time: 11357 seconds

