#
# A fatal error has been detected by the Java Runtime Environment:
#
#  Internal Error (jvmtiRedefineClasses.cpp:1654), pid=44912, tid=44316
#  guarantee(false) failed: insert_space_at() failed
#
# JRE version: Java(TM) SE Runtime Environment (7.0_79-b15) (build 1.7.0_79-b15)
# Java VM: Java HotSpot(TM) 64-Bit Server VM (24.79-b02 mixed mode windows-amd64 compressed oops)
# Failed to write core dump. Minidumps are not enabled by default on client versions of Windows
#
# If you would like to submit a bug report, please visit:
#   http://bugreport.java.com/bugreport/crash.jsp
#

---------------  T H R E A D  ---------------

Current thread (0x00000000087ef800):  JavaThread "JDWP Transport Listener: dt_socket" daemon [_thread_in_vm, id=44316, stack(0x000000000a560000,0x000000000a660000)]

Stack: [0x000000000a560000,0x000000000a660000]
[error occurred during error reporting (printing stack bounds), id 0xc0000005]


[error occurred during error reporting (printing native stack), id 0xc0000005]


---------------  P R O C E S S  ---------------

Java Threads: ( => current thread )
  0x000000000e1ea800 JavaThread "DubboClientHandler-10.9.21.30:8081-thread-34" daemon [_thread_blocked, id=45276, stack(0x0000000012ae0000,0x0000000012be0000)]
  0x000000000e1e8000 JavaThread "btpool0-81" [_thread_blocked, id=39260, stack(0x0000000012820000,0x0000000012920000)]
  0x000000000e2ec000 JavaThread "btpool0-78" [_thread_blocked, id=37492, stack(0x00000000120c0000,0x00000000121c0000)]
  0x000000000e2eb800 JavaThread "Thread-23" [_thread_blocked, id=40172, stack(0x00000000100c0000,0x00000000101c0000)]
  0x000000000e2ea800 JavaThread "Thread-22" [_thread_blocked, id=40488, stack(0x000000000d810000,0x000000000d910000)]
  0x000000000e2ea000 JavaThread "Thread-21" [_thread_blocked, id=39100, stack(0x0000000014700000,0x0000000014800000)]
  0x000000000e2e9000 JavaThread "Thread-20" [_thread_blocked, id=38324, stack(0x0000000012c00000,0x0000000012d00000)]
  0x000000000b4ab800 JavaThread "DubboMonitorSendTimer-thread-3" daemon [_thread_blocked, id=41820, stack(0x00000000121d0000,0x00000000122d0000)]
  0x000000000e1e7800 JavaThread "Thread-12" [_thread_blocked, id=45188, stack(0x00000000129c0000,0x0000000012ac0000)]
  0x000000000e1e6800 JavaThread "Thread-10" [_thread_blocked, id=46936, stack(0x00000000126b0000,0x00000000127b0000)]
  0x000000000e1e6000 JavaThread "DubboMonitorSendTimer-thread-2" daemon [_thread_blocked, id=34404, stack(0x000000000f4f0000,0x000000000f5f0000)]
  0x000000000e1e5000 JavaThread "dubbo-remoting-client-heartbeat-thread-2" daemon [_thread_blocked, id=46452, stack(0x000000000f160000,0x000000000f260000)]
  0x000000000e1e4800 JavaThread "Thread-9" [_thread_blocked, id=40424, stack(0x0000000012520000,0x0000000012620000)]
  0x000000000e1e3800 JavaThread "Thread-8" [_thread_blocked, id=24440, stack(0x00000000122f0000,0x00000000123f0000)]
  0x000000000b8ba800 JavaThread "FileWatchdog" daemon [_thread_blocked, id=45284, stack(0x00000000106a0000,0x00000000107a0000)]
  0x000000000b8ba000 JavaThread "dubbo-remoting-server-heartbeat-thread-1" daemon [_thread_blocked, id=44756, stack(0x0000000011e50000,0x0000000011f50000)]
  0x000000000b8b9000 JavaThread "New I/O server boss #1 ([id: 0x7bf76ed3, /0:0:0:0:0:0:0:0:8082])" daemon [_thread_in_native, id=46960, stack(0x000000000fea0000,0x000000000ffa0000)]
  0x000000000b8b8800 JavaThread "galaxyTaskScheduler-4" [_thread_blocked, id=46096, stack(0x0000000010bb0000,0x0000000010cb0000)]
  0x000000000b8b7800 JavaThread "galaxyTaskScheduler-3" [_thread_blocked, id=44768, stack(0x00000000109f0000,0x0000000010af0000)]
  0x000000000b8b7000 JavaThread "galaxyTaskScheduler-2" [_thread_blocked, id=33408, stack(0x00000000108b0000,0x00000000109b0000)]
  0x000000000b8b6000 JavaThread "galaxyTaskScheduler-1" [_thread_blocked, id=45628, stack(0x00000000107b0000,0x00000000108b0000)]
  0x000000000b8b5800 JavaThread "pool-2-thread-1" [_thread_blocked, id=39660, stack(0x0000000010580000,0x0000000010680000)]
  0x000000000b8b4800 JavaThread "DubboMonitorSendTimer-thread-1" daemon [_thread_blocked, id=40284, stack(0x0000000010440000,0x0000000010540000)]
  0x000000000b8b3000 JavaThread "DubboClientReconnectTimer-thread-2" daemon [_thread_blocked, id=45136, stack(0x00000000102c0000,0x00000000103c0000)]
  0x000000000b8b2800 JavaThread "DubboResponseTimeoutScanTimer" daemon [_thread_blocked, id=44772, stack(0x00000000101c0000,0x00000000102c0000)]
  0x000000000b8b1000 JavaThread "Timer-1" daemon [_thread_blocked, id=44372, stack(0x000000000fda0000,0x000000000fea0000)]
  0x000000000b8b1800 JavaThread "commons-pool-EvictionTimer" daemon [_thread_blocked, id=32176, stack(0x000000000ffb0000,0x00000000100b0000)]
  0x000000000b8b0000 JavaThread "pool-1-thread-1" [_thread_blocked, id=44812, stack(0x000000000fbd0000,0x000000000fcd0000)]
  0x000000000b8ae800 JavaThread "dubbo-remoting-client-heartbeat-thread-1" daemon [_thread_blocked, id=46532, stack(0x000000000f6a0000,0x000000000f7a0000)]
  0x000000000b8ad800 JavaThread "New I/O client worker #1-1" daemon [_thread_in_native, id=45888, stack(0x000000000f9e0000,0x000000000fae0000)]
  0x000000000d252800 JavaThread "DubboClientReconnectTimer-thread-1" daemon [_thread_blocked, id=45544, stack(0x000000000ed70000,0x000000000ee70000)]
  0x000000000d174800 JavaThread "DubboSaveRegistryCache-thread-1" daemon [_thread_blocked, id=46856, stack(0x000000000f7a0000,0x000000000f8a0000)]
  0x000000000ce0a000 JavaThread "main-EventThread" daemon [_thread_blocked, id=45488, stack(0x000000000f3c0000,0x000000000f4c0000)]
  0x000000000de65800 JavaThread "main-SendThread(local.galaxyinternet.com:2181)" daemon [_thread_in_native, id=45568, stack(0x000000000f270000,0x000000000f370000)]
  0x000000000ddc9800 JavaThread "ZkClient-EventThread-20-127.0.0.1:2181" daemon [_thread_blocked, id=45100, stack(0x000000000eef0000,0x000000000eff0000)]
  0x000000000d597800 JavaThread "DubboRegistryFailedRetryTimer-thread-1" daemon [_thread_blocked, id=38352, stack(0x000000000f050000,0x000000000f150000)]
  0x000000000d53a000 JavaThread "Timer-0" [_thread_blocked, id=45680, stack(0x000000000db50000,0x000000000dc50000)]
  0x000000000d040800 JavaThread "btpool0-0 - Acceptor0 SelectChannelConnector@0.0.0.0:9393" [_thread_in_native, id=46556, stack(0x000000000da50000,0x000000000db50000)]
  0x000000000b536800 JavaThread "Okio Watchdog" daemon [_thread_blocked, id=46496, stack(0x000000000a740000,0x000000000a840000)]
  0x0000000009eb9800 JavaThread "Service Thread" daemon [_thread_blocked, id=45764, stack(0x000000000ad70000,0x000000000ae70000)]
  0x0000000009eb5000 JavaThread "C2 CompilerThread1" daemon [_thread_blocked, id=29260, stack(0x0000000009810000,0x0000000009910000)]
  0x0000000009eb2800 JavaThread "C2 CompilerThread0" daemon [_thread_blocked, id=44424, stack(0x000000000aba0000,0x000000000aca0000)]
  0x0000000009ea1000 JavaThread "JDWP Command Reader" daemon [_thread_in_native, id=40432, stack(0x000000000aa80000,0x000000000ab80000)]
  0x0000000009e9e000 JavaThread "JDWP Event Helper Thread" daemon [_thread_blocked, id=42232, stack(0x000000000a970000,0x000000000aa70000)]
=>0x00000000087ef800 JavaThread "JDWP Transport Listener: dt_socket" daemon [_thread_in_vm, id=44316, stack(0x000000000a560000,0x000000000a660000)]
  0x00000000087ea800 JavaThread "Attach Listener" daemon [_thread_blocked, id=45008, stack(0x0000000009c40000,0x0000000009d40000)]
  0x00000000087e6000 JavaThread "Signal Dispatcher" daemon [_thread_blocked, id=38396, stack(0x0000000009d90000,0x0000000009e90000)]
  0x0000000008772800 JavaThread "Finalizer" daemon [_thread_blocked, id=46964, stack(0x0000000009ad0000,0x0000000009bd0000)]
  0x0000000008771000 JavaThread "Reference Handler" daemon [_thread_blocked, id=39904, stack(0x0000000009910000,0x0000000009a10000)]
  0x00000000024f8000 JavaThread "main" [_thread_blocked, id=36528, stack(0x0000000002740000,0x0000000002840000)]

Other Threads:
  0x000000000876b800 VMThread [stack: 0x00000000096f0000,0x00000000097f0000] [id=46404]
  0x0000000009ed3000 WatcherThread [stack: 0x000000000a290000,0x000000000a390000] [id=42196]

VM state:not at safepoint (normal execution)

VM Mutex/Monitor currently owned by a thread: None

Heap
 PSYoungGen      total 42496K, used 6K [0x00000000eb400000, 0x00000000ee080000, 0x0000000100000000)
  eden space 39424K, 0% used [0x00000000eb400000,0x00000000eb401898,0x00000000eda80000)
  from space 3072K, 0% used [0x00000000edd80000,0x00000000edd80000,0x00000000ee080000)
  to   space 3072K, 0% used [0x00000000eda80000,0x00000000eda80000,0x00000000edd80000)
 ParOldGen       total 272896K, used 67834K [0x00000000c1c00000, 0x00000000d2680000, 0x00000000eb400000)
  object space 272896K, 24% used [0x00000000c1c00000,0x00000000c5e3e970,0x00000000d2680000)
 PSPermGen       total 83968K, used 83963K [0x00000000bca00000, 0x00000000c1c00000, 0x00000000c1c00000)
  object space 83968K, 99% used [0x00000000bca00000,0x00000000c1bfefc0,0x00000000c1c00000)

Card table byte_map: [0x0000000005840000,0x0000000005a60000] byte_map_base: 0x000000000525b000

Polling page: 0x0000000000120000

Code Cache  [0x0000000002840000, 0x00000000034e0000, 0x0000000005840000)
 total_blobs=3525 nmethods=2994 adapters=490 free_code_cache=36406Kb largest_free_block=37097408

Compilation events (10 events):
Event: 17596.619 Thread 0x0000000009eb5000 nmethod 3347 0x0000000003457990 code [0x0000000003457ae0, 0x0000000003457ca8]
Event: 17596.621 Thread 0x0000000009eb2800 nmethod 3348 0x0000000003487f50 code [0x00000000034880c0, 0x0000000003488348]
Event: 17631.421 Thread 0x0000000009eb2800 3349   !         redis.clients.jedis.Protocol::processMultiBulkReply (61 bytes)
Event: 17631.427 Thread 0x0000000009eb5000 3350   !         com.galaxyinternet.scheduling.PushMessageTask$1::run (339 bytes)
Event: 17631.449 Thread 0x0000000009eb2800 nmethod 3349 0x00000000034ac510 code [0x00000000034ac7a0, 0x00000000034ad638]
Event: 17631.760 Thread 0x0000000009eb5000 nmethod 3350 0x00000000034ca710 code [0x00000000034cb0e0, 0x00000000034d4110]
Event: 17661.418 Thread 0x0000000009eb2800 3351   !         com.galaxyinternet.framework.cache.Cache::getRedisQuenOBJ (141 bytes)
Event: 17661.472 Thread 0x0000000009eb2800 nmethod 3351 0x00000000034c2a90 code [0x00000000034c2e00, 0x00000000034c4908]
Event: 17829.582 Thread 0x0000000009eb5000 3352   !         sun.reflect.misc.ReflectUtil::isPackageAccessible (12 bytes)
Event: 17829.583 Thread 0x0000000009eb5000 nmethod 3352 0x0000000003487c50 code [0x0000000003487da0, 0x0000000003487e28]

GC Heap History (10 events):
Event: 17876.141 GC heap before
{Heap before GC invocations=95 (full 5):
 PSYoungGen      total 41984K, used 0K [0x00000000eb400000, 0x00000000ee000000, 0x0000000100000000)
  eden space 38912K, 0% used [0x00000000eb400000,0x00000000eb400000,0x00000000eda00000)
  from space 3072K, 0% used [0x00000000edd00000,0x00000000edd00000,0x00000000ee000000)
  to   space 3072K, 0% used [0x00000000eda00000,0x00000000eda00000,0x00000000edd00000)
 ParOldGen       total 148480K, used 68178K [0x00000000c1c00000, 0x00000000cad00000, 0x00000000eb400000)
  object space 148480K, 45% used [0x00000000c1c00000,0x00000000c5e94ac8,0x00000000cad00000)
 PSPermGen       total 83968K, used 83967K [0x00000000bca00000, 0x00000000c1c00000, 0x00000000c1c00000)
  object space 83968K, 99% used [0x00000000bca00000,0x00000000c1bffc88,0x00000000c1c00000)
Event: 17876.681 GC heap after
Heap after GC invocations=95 (full 5):
 PSYoungGen      total 41984K, used 0K [0x00000000eb400000, 0x00000000ee000000, 0x0000000100000000)
  eden space 38912K, 0% used [0x00000000eb400000,0x00000000eb400000,0x00000000eda00000)
  from space 3072K, 0% used [0x00000000edd00000,0x00000000edd00000,0x00000000ee000000)
  to   space 3072K, 0% used [0x00000000eda00000,0x00000000eda00000,0x00000000edd00000)
 ParOldGen       total 180736K, used 67834K [0x00000000c1c00000, 0x00000000ccc80000, 0x00000000eb400000)
  object space 180736K, 37% used [0x00000000c1c00000,0x00000000c5e3e9b8,0x00000000ccc80000)
 PSPermGen       total 83968K, used 83627K [0x00000000bca00000, 0x00000000c1c00000, 0x00000000c1c00000)
  object space 83968K, 99% used [0x00000000bca00000,0x00000000c1baac10,0x00000000c1c00000)
}
Event: 17876.690 GC heap before
{Heap before GC invocations=96 (full 5):
 PSYoungGen      total 41984K, used 118K [0x00000000eb400000, 0x00000000ee000000, 0x0000000100000000)
  eden space 38912K, 0% used [0x00000000eb400000,0x00000000eb41db30,0x00000000eda00000)
  from space 3072K, 0% used [0x00000000edd00000,0x00000000edd00000,0x00000000ee000000)
  to   space 3072K, 0% used [0x00000000eda00000,0x00000000eda00000,0x00000000edd00000)
 ParOldGen       total 180736K, used 67834K [0x00000000c1c00000, 0x00000000ccc80000, 0x00000000eb400000)
  object space 180736K, 37% used [0x00000000c1c00000,0x00000000c5e3e9b8,0x00000000ccc80000)
 PSPermGen       total 83968K, used 83963K [0x00000000bca00000, 0x00000000c1c00000, 0x00000000c1c00000)
  object space 83968K, 99% used [0x00000000bca00000,0x00000000c1bfefc0,0x00000000c1c00000)
Event: 17876.694 GC heap after
Heap after GC invocations=96 (full 5):
 PSYoungGen      total 41984K, used 64K [0x00000000eb400000, 0x00000000ee080000, 0x0000000100000000)
  eden space 38912K, 0% used [0x00000000eb400000,0x00000000eb400000,0x00000000eda00000)
  from space 3072K, 2% used [0x00000000eda00000,0x00000000eda10000,0x00000000edd00000)
  to   space 3072K, 0% used [0x00000000edd80000,0x00000000edd80000,0x00000000ee080000)
 ParOldGen       total 180736K, used 67834K [0x00000000c1c00000, 0x00000000ccc80000, 0x00000000eb400000)
  object space 180736K, 37% used [0x00000000c1c00000,0x00000000c5e3e9b8,0x00000000ccc80000)
 PSPermGen       total 83968K, used 83963K [0x00000000bca00000, 0x00000000c1c00000, 0x00000000c1c00000)
  object space 83968K, 99% used [0x00000000bca00000,0x00000000c1bfefc0,0x00000000c1c00000)
}
Event: 17876.694 GC heap before
{Heap before GC invocations=97 (full 6):
 PSYoungGen      total 41984K, used 64K [0x00000000eb400000, 0x00000000ee080000, 0x0000000100000000)
  eden space 38912K, 0% used [0x00000000eb400000,0x00000000eb400000,0x00000000eda00000)
  from space 3072K, 2% used [0x00000000eda00000,0x00000000eda10000,0x00000000edd00000)
  to   space 3072K, 0% used [0x00000000edd80000,0x00000000edd80000,0x00000000ee080000)
 ParOldGen       total 180736K, used 67834K [0x00000000c1c00000, 0x00000000ccc80000, 0x00000000eb400000)
  object space 180736K, 37% used [0x00000000c1c00000,0x00000000c5e3e9b8,0x00000000ccc80000)
 PSPermGen       total 83968K, used 83963K [0x00000000bca00000, 0x00000000c1c00000, 0x00000000c1c00000)
  object space 83968K, 99% used [0x00000000bca00000,0x00000000c1bfefc0,0x00000000c1c00000)
Event: 17876.908 GC heap after
Heap after GC invocations=97 (full 6):
 PSYoungGen      total 41984K, used 0K [0x00000000eb400000, 0x00000000ee080000, 0x0000000100000000)
  eden space 38912K, 0% used [0x00000000eb400000,0x00000000eb400000,0x00000000eda00000)
  from space 3072K, 0% used [0x00000000eda00000,0x00000000eda00000,0x00000000edd00000)
  to   space 3072K, 0% used [0x00000000edd80000,0x00000000edd80000,0x00000000ee080000)
 ParOldGen       total 225792K, used 67834K [0x00000000c1c00000, 0x00000000cf880000, 0x00000000eb400000)
  object space 225792K, 30% used [0x00000000c1c00000,0x00000000c5e3e970,0x00000000cf880000)
 PSPermGen       total 83968K, used 83963K [0x00000000bca00000, 0x00000000c1c00000, 0x00000000c1c00000)
  object space 83968K, 99% used [0x00000000bca00000,0x00000000c1bfefc0,0x00000000c1c00000)
}
Event: 17876.908 GC heap before
{Heap before GC invocations=98 (full 6):
 PSYoungGen      total 41984K, used 0K [0x00000000eb400000, 0x00000000ee080000, 0x0000000100000000)
  eden space 38912K, 0% used [0x00000000eb400000,0x00000000eb400000,0x00000000eda00000)
  from space 3072K, 0% used [0x00000000eda00000,0x00000000eda00000,0x00000000edd00000)
  to   space 3072K, 0% used [0x00000000edd80000,0x00000000edd80000,0x00000000ee080000)
 ParOldGen       total 225792K, used 67834K [0x00000000c1c00000, 0x00000000cf880000, 0x00000000eb400000)
  object space 225792K, 30% used [0x00000000c1c00000,0x00000000c5e3e970,0x00000000cf880000)
 PSPermGen       total 83968K, used 83963K [0x00000000bca00000, 0x00000000c1c00000, 0x00000000c1c00000)
  object space 83968K, 99% used [0x00000000bca00000,0x00000000c1bfefc0,0x00000000c1c00000)
Event: 17876.911 GC heap after
Heap after GC invocations=98 (full 6):
 PSYoungGen      total 42496K, used 0K [0x00000000eb400000, 0x00000000ee080000, 0x0000000100000000)
  eden space 39424K, 0% used [0x00000000eb400000,0x00000000eb400000,0x00000000eda80000)
  from space 3072K, 0% used [0x00000000edd80000,0x00000000edd80000,0x00000000ee080000)
  to   space 3072K, 0% used [0x00000000eda80000,0x00000000eda80000,0x00000000edd80000)
 ParOldGen       total 225792K, used 67834K [0x00000000c1c00000, 0x00000000cf880000, 0x00000000eb400000)
  object space 225792K, 30% used [0x00000000c1c00000,0x00000000c5e3e970,0x00000000cf880000)
 PSPermGen       total 83968K, used 83963K [0x00000000bca00000, 0x00000000c1c00000, 0x00000000c1c00000)
  object space 83968K, 99% used [0x00000000bca00000,0x00000000c1bfefc0,0x00000000c1c00000)
}
Event: 17876.911 GC heap before
{Heap before GC invocations=99 (full 7):
 PSYoungGen      total 42496K, used 0K [0x00000000eb400000, 0x00000000ee080000, 0x0000000100000000)
  eden space 39424K, 0% used [0x00000000eb400000,0x00000000eb400000,0x00000000eda80000)
  from space 3072K, 0% used [0x00000000edd80000,0x00000000edd80000,0x00000000ee080000)
  to   space 3072K, 0% used [0x00000000eda80000,0x00000000eda80000,0x00000000edd80000)
 ParOldGen       total 225792K, used 67834K [0x00000000c1c00000, 0x00000000cf880000, 0x00000000eb400000)
  object space 225792K, 30% used [0x00000000c1c00000,0x00000000c5e3e970,0x00000000cf880000)
 PSPermGen       total 83968K, used 83963K [0x00000000bca00000, 0x00000000c1c00000, 0x00000000c1c00000)
  object space 83968K, 99% used [0x00000000bca00000,0x00000000c1bfefc0,0x00000000c1c00000)
Event: 17877.104 GC heap after
Heap after GC invocations=99 (full 7):
 PSYoungGen      total 42496K, used 0K [0x00000000eb400000, 0x00000000ee080000, 0x0000000100000000)
  eden space 39424K, 0% used [0x00000000eb400000,0x00000000eb400000,0x00000000eda80000)
  from space 3072K, 0% used [0x00000000edd80000,0x00000000edd80000,0x00000000ee080000)
  to   space 3072K, 0% used [0x00000000eda80000,0x00000000eda80000,0x00000000edd80000)
 ParOldGen       total 272896K, used 67834K [0x00000000c1c00000, 0x00000000d2680000, 0x00000000eb400000)
  object space 272896K, 24% used [0x00000000c1c00000,0x00000000c5e3e970,0x00000000d2680000)
 PSPermGen       total 83968K, used 83963K [0x00000000bca00000, 0x00000000c1c00000, 0x00000000c1c00000)
  object space 83968K, 99% used [0x00000000bca00000,0x00000000c1bfefc0,0x00000000c1c00000)
}

Deoptimization events (10 events):
Event: 17831.098 Thread 0x000000000e2ec000 Uncommon trap: reason=unhandled action=none pc=0x0000000003098c28 method=java.lang.Class.getDeclaredMethod(Ljava/lang/String;[Ljava/lang/Class;)Ljava/lang/reflect/Method; @ 64
Event: 17831.098 Thread 0x000000000e2ec000 Uncommon trap: reason=unhandled action=none pc=0x0000000002d256cc method=java.lang.Class.getMethod(Ljava/lang/String;[Ljava/lang/Class;)Ljava/lang/reflect/Method; @ 60
Event: 17831.146 Thread 0x000000000e2ec000 Uncommon trap: reason=unhandled action=none pc=0x0000000003098c28 method=java.lang.Class.getDeclaredMethod(Ljava/lang/String;[Ljava/lang/Class;)Ljava/lang/reflect/Method; @ 64
Event: 17831.159 Thread 0x000000000e2ec000 Uncommon trap: reason=unhandled action=none pc=0x0000000002d256cc method=java.lang.Class.getMethod(Ljava/lang/String;[Ljava/lang/Class;)Ljava/lang/reflect/Method; @ 60
Event: 17831.279 Thread 0x000000000e2ec000 Uncommon trap: reason=unhandled action=none pc=0x0000000003098c28 method=java.lang.Class.getDeclaredMethod(Ljava/lang/String;[Ljava/lang/Class;)Ljava/lang/reflect/Method; @ 64
Event: 17831.279 Thread 0x000000000e2ec000 Uncommon trap: reason=unhandled action=none pc=0x0000000002d256cc method=java.lang.Class.getMethod(Ljava/lang/String;[Ljava/lang/Class;)Ljava/lang/reflect/Method; @ 60
Event: 17831.281 Thread 0x000000000e2ec000 Uncommon trap: reason=unhandled action=none pc=0x0000000003098c28 method=java.lang.Class.getDeclaredMethod(Ljava/lang/String;[Ljava/lang/Class;)Ljava/lang/reflect/Method; @ 64
Event: 17831.281 Thread 0x000000000e2ec000 Uncommon trap: reason=unhandled action=none pc=0x0000000002d256cc method=java.lang.Class.getMethod(Ljava/lang/String;[Ljava/lang/Class;)Ljava/lang/reflect/Method; @ 60
Event: 17841.413 Thread 0x000000000e1e6800 Uncommon trap: reason=null_check action=none pc=0x00000000034d2a24 method=com.galaxyinternet.scheduling.PushMessageTask$1.run()V @ 95
Event: 17871.414 Thread 0x000000000e1e4800 Uncommon trap: reason=null_check action=none pc=0x00000000034d2a24 method=com.galaxyinternet.scheduling.PushMessageTask$1.run()V @ 95

Internal exceptions (10 events):
Event: 17828.049 Thread 0x000000000b8ad800 Threw 0x00000000ebaa5908 at C:\re\jdk7u79\2331\hotspot\src\share\vm\interpreter\interpreterRuntime.cpp:347
Event: 17828.059 Thread 0x000000000b8ad800 Threw 0x00000000ebaa7028 at C:\re\jdk7u79\2331\hotspot\src\share\vm\interpreter\interpreterRuntime.cpp:347
Event: 17828.070 Thread 0x000000000b8ad800 Threw 0x00000000ebaa8770 at C:\re\jdk7u79\2331\hotspot\src\share\vm\interpreter\interpreterRuntime.cpp:347
Event: 17828.080 Thread 0x000000000b8ad800 Threw 0x00000000ebaa9eb0 at C:\re\jdk7u79\2331\hotspot\src\share\vm\interpreter\interpreterRuntime.cpp:347
Event: 17828.106 Thread 0x000000000b8ad800 Threw 0x00000000ebb2b8f0 at C:\re\jdk7u79\2331\hotspot\src\share\vm\interpreter\interpreterRuntime.cpp:347
Event: 17828.715 Thread 0x000000000b8ad800 Threw 0x00000000ebfba6f0 at C:\re\jdk7u79\2331\hotspot\src\share\vm\interpreter\interpreterRuntime.cpp:347
Event: 17828.808 Thread 0x000000000b8ad800 Threw 0x00000000ecb46850 at C:\re\jdk7u79\2331\hotspot\src\share\vm\interpreter\interpreterRuntime.cpp:347
Event: 17828.823 Thread 0x000000000b8ad800 Threw 0x00000000ecb54f78 at C:\re\jdk7u79\2331\hotspot\src\share\vm\interpreter\interpreterRuntime.cpp:347
Event: 17828.834 Thread 0x000000000b8ad800 Threw 0x00000000ecb58610 at C:\re\jdk7u79\2331\hotspot\src\share\vm\interpreter\interpreterRuntime.cpp:347
Event: 17877.104 Thread 0x00000000087ef800 Threw 0x00000000bcaad5f8 at C:\re\jdk7u79\2331\hotspot\src\share\vm\gc_interface/collectedHeap.inline.hpp:225

Events (10 events):
Event: 17871.414 Thread 0x000000000e1e4800 DEOPT PACKING pc=0x00000000034d2a24 sp=0x000000001261f1f0
Event: 17871.414 Thread 0x000000000e1e4800 DEOPT UNPACKING pc=0x00000000028775a4 sp=0x000000001261f258 mode 2
Event: 17874.987 Executing VM operation: ParallelGCFailedPermanentAllocation
Event: 17875.868 Executing VM operation: ParallelGCFailedPermanentAllocation done
Event: 17875.869 Executing VM operation: RevokeBias
Event: 17875.871 Executing VM operation: RevokeBias done
Event: 17875.918 Executing VM operation: ParallelGCFailedPermanentAllocation
Event: 17876.681 Executing VM operation: ParallelGCFailedPermanentAllocation done
Event: 17876.690 Executing VM operation: ParallelGCFailedPermanentAllocation
Event: 17877.104 Executing VM operation: ParallelGCFailedPermanentAllocation done


Dynamic libraries:
0x000000013f0e0000 - 0x000000013f113000 	D:\external_file\java\jdk1.7.0_79\bin\javaw.exe
0x00000000774f0000 - 0x000000007769a000 	C:\Windows\SYSTEM32\ntdll.dll
0x00000000773d0000 - 0x00000000774ef000 	C:\Windows\system32\kernel32.dll
0x000007fefd470000 - 0x000007fefd4db000 	C:\Windows\system32\KERNELBASE.dll
0x000007feff5e0000 - 0x000007feff6bb000 	C:\Windows\system32\ADVAPI32.dll
0x000007fefd660000 - 0x000007fefd6ff000 	C:\Windows\system32\msvcrt.dll
0x000007fefd830000 - 0x000007fefd84f000 	C:\Windows\SYSTEM32\sechost.dll
0x000007fefdb80000 - 0x000007fefdcad000 	C:\Windows\system32\RPCRT4.dll
0x00000000772d0000 - 0x00000000773ca000 	C:\Windows\system32\USER32.dll
0x000007fefe2b0000 - 0x000007fefe317000 	C:\Windows\system32\GDI32.dll
0x000007feff390000 - 0x000007feff39e000 	C:\Windows\system32\LPK.dll
0x000007fefdab0000 - 0x000007fefdb7a000 	C:\Windows\system32\USP10.dll
0x000007fefc470000 - 0x000007fefc664000 	C:\Windows\WinSxS\amd64_microsoft.windows.common-controls_6595b64144ccf1df_6.0.7601.18837_none_fa3b1e3d17594757\COMCTL32.dll
0x000007fefe230000 - 0x000007fefe2a1000 	C:\Windows\system32\SHLWAPI.dll
0x000007fefe200000 - 0x000007fefe22e000 	C:\Windows\system32\IMM32.DLL
0x000007fefe0f0000 - 0x000007fefe1f9000 	C:\Windows\system32\MSCTF.dll
0x0000000067690000 - 0x0000000067762000 	D:\external_file\java\jdk1.7.0_79\jre\bin\msvcr100.dll
0x000000006e520000 - 0x000000006ecf5000 	D:\external_file\java\jdk1.7.0_79\jre\bin\server\jvm.dll
0x000007fefaf20000 - 0x000007fefaf29000 	C:\Windows\system32\WSOCK32.dll
0x000007fefd700000 - 0x000007fefd74d000 	C:\Windows\system32\WS2_32.dll
0x000007feff0b0000 - 0x000007feff0b8000 	C:\Windows\system32\NSI.dll
0x000007fefa0f0000 - 0x000007fefa12b000 	C:\Windows\system32\WINMM.dll
0x00000000776c0000 - 0x00000000776c7000 	C:\Windows\system32\PSAPI.DLL
0x0000000073f10000 - 0x0000000073f1f000 	D:\external_file\java\jdk1.7.0_79\jre\bin\verify.dll
0x0000000072f70000 - 0x0000000072f98000 	D:\external_file\java\jdk1.7.0_79\jre\bin\java.dll
0x000000006df10000 - 0x000000006df45000 	D:\external_file\java\jdk1.7.0_79\jre\bin\jdwp.dll
0x00000000740b0000 - 0x00000000740b8000 	D:\external_file\java\jdk1.7.0_79\jre\bin\npt.dll
0x0000000072fd0000 - 0x0000000072fe5000 	D:\external_file\java\jdk1.7.0_79\jre\bin\zip.dll
0x0000000073080000 - 0x0000000073089000 	D:\external_file\java\jdk1.7.0_79\jre\bin\dt_socket.dll
0x000007fefb0d0000 - 0x000007fefb0e5000 	C:\Windows\system32\NLAapi.dll
0x000007fef1160000 - 0x000007fef1175000 	C:\Windows\system32\napinsp.dll
0x000007fef08d0000 - 0x000007fef08e9000 	C:\Windows\system32\pnrpnsp.dll
0x000007fefca80000 - 0x000007fefcad5000 	C:\Windows\System32\mswsock.dll
0x000007fefc900000 - 0x000007fefc95b000 	C:\Windows\system32\DNSAPI.dll
0x000007fef9f40000 - 0x000007fef9f4b000 	C:\Windows\System32\winrnr.dll
0x000007fef2e10000 - 0x000007fef2e20000 	C:\Windows\system32\wshbth.dll
0x0000000073bc0000 - 0x0000000073be6000 	C:\Program Files\Bonjour\mdnsNSP.dll
0x000007fefaed0000 - 0x000007fefaef7000 	C:\Windows\system32\Iphlpapi.DLL
0x000007fefaec0000 - 0x000007fefaecb000 	C:\Windows\system32\WINNSI.DLL
0x000007fefad00000 - 0x000007fefad53000 	C:\Windows\System32\fwpuclnt.dll
0x000007fef9f30000 - 0x000007fef9f38000 	C:\Windows\system32\rasadhlp.dll
0x000007fefbf20000 - 0x000007fefbf27000 	C:\Windows\System32\wshtcpip.dll
0x0000000072f00000 - 0x0000000072f1a000 	D:\external_file\java\jdk1.7.0_79\jre\bin\net.dll
0x000007fefca70000 - 0x000007fefca77000 	C:\Windows\System32\wship6.dll
0x000000006d8f0000 - 0x000000006d901000 	D:\external_file\java\jdk1.7.0_79\jre\bin\nio.dll
0x000000006d7b0000 - 0x000000006d7d4000 	D:\external_file\java\jdk1.7.0_79\jre\bin\sunec.dll
0x0000000072ef0000 - 0x0000000072efb000 	D:\external_file\java\jdk1.7.0_79\jre\bin\sunmscapi.dll
0x000007fefd2c0000 - 0x000007fefd42d000 	C:\Windows\system32\CRYPT32.dll
0x000007fefd2a0000 - 0x000007fefd2af000 	C:\Windows\system32\MSASN1.dll
0x000007fefcae0000 - 0x000007fefcaf8000 	C:\Windows\system32\CRYPTSP.dll
0x000007fefc7e0000 - 0x000007fefc827000 	C:\Windows\system32\rsaenh.dll
0x000007fefd540000 - 0x000007fefd55e000 	C:\Windows\system32\USERENV.dll
0x000007fefd2b0000 - 0x000007fefd2bf000 	C:\Windows\system32\profapi.dll
0x000007fefd140000 - 0x000007fefd14f000 	C:\Windows\system32\CRYPTBASE.dll
0x000007fefac10000 - 0x000007fefac21000 	C:\Windows\system32\dhcpcsvc6.DLL
0x000007fefac70000 - 0x000007fefac88000 	C:\Windows\system32\dhcpcsvc.DLL
0x00000000004e0000 - 0x00000000004eb000 	D:\external_file\java\jdk1.7.0_79\jre\bin\management.dll
0x000000005ff20000 - 0x00000000600b5000 	D:\external_file\java\jdk1.7.0_79\jre\bin\awt.dll
0x000007fefd750000 - 0x000007fefd828000 	C:\Windows\system32\OLEAUT32.dll
0x000007fefdcb0000 - 0x000007fefdeb3000 	C:\Windows\system32\ole32.dll

VM Arguments:
jvm_args: -agentlib:jdwp=transport=dt_socket,suspend=y,address=localhost:62368 -Dmaven.home=EMBEDDED -Dclassworlds.conf=D:\newWorkSpace\.metadata\.plugins\org.eclipse.m2e.launching\launches\m2conf2166154002915913300.tmp -Dmaven.multiModuleProjectDirectory=D:\newWorkSpace\star\galaxy-sop\galaxy-sop-server -Dfile.encoding=GBK 
java_command: org.codehaus.plexus.classworlds.launcher.Launcher -B -Dmaven.test.skip=true -DskipTests jetty:run -Pnginx
Launcher Type: SUN_STANDARD

Environment Variables:
JAVA_HOME=D:\external_file\java
PATH=D:\external_file\java\jdk1.7.0_79\jre\bin;C:\ProgramData\Oracle\Java\javapath;C:\Windows\system32;C:\Windows;C:\Windows\System32\Wbem;C:\Windows\System32\WindowsPowerShell\v1.0\;C:\Program Files (x86)\Intel\OpenCL SDK\2.0\bin\x86;C:\Program Files (x86)\Intel\OpenCL SDK\2.0\bin\x64;C:\Program Files\nodejs\;C:\Program Files\Git\cmd;D:\external_file\java\bin;D:\external_file\apache-maven-3.3.9-bin\bin;C:\Program Files\TortoiseSVN\bin:C:\Program Files\apache-tomcat-7.0.76\bin;C:\Program Files\TortoiseSVN\bin;C:\Users\Administrator\AppData\Roaming\npm
USERNAME=Administrator
OS=Windows_NT
PROCESSOR_IDENTIFIER=Intel64 Family 6 Model 42 Stepping 7, GenuineIntel



---------------  S Y S T E M  ---------------

OS: Windows 7 , 64 bit Build 7601 Service Pack 1

CPU:total 4 (2 cores per cpu, 2 threads per core) family 6 model 42 stepping 7, cmov, cx8, fxsr, mmx, sse, sse2, sse3, ssse3, sse4.1, sse4.2, popcnt, avx, aes, ht, tsc, tscinvbit

Memory: 4k page, physical 4074736k(301028k free), swap 9825656k(1614464k free)

vm_info: Java HotSpot(TM) 64-Bit Server VM (24.79-b02) for windows-amd64 JRE (1.7.0_79-b15), built on Apr 10 2015 12:36:16 by "java_re" with unknown MS VC++:1600

time: Wed Aug 02 15:05:35 2017
elapsed time: 17877 seconds

